"Severity","Appender","Date","Time","Category","Message"
"WARN","coldboxfile","08/08/2009","11:18:32","Sample Login Application","The BeanFactory definition file cannot be located -> /coldbox/samples/applications/sampleloginapp/config/ModelMappings.cfm"
"INFO","COLDBOXFILE","02/09/2011","17:10:40","coldbox.system.cache.providers.CacheBoxColdBoxProvider","CacheBox Cache: default has been initialized successfully for operation"
"INFO","COLDBOXFILE","02/09/2011","17:10:40","coldbox.system.cache.providers.CacheBoxColdBoxProvider","CacheBox Cache: TEMPLATE has been initialized successfully for operation"
"INFO","COLDBOXFILE","02/11/2011","11:27:24","coldbox.system.cache.providers.CacheBoxColdBoxProvider","CacheBox Cache: default has been initialized successfully for operation"
"INFO","COLDBOXFILE","02/11/2011","11:27:24","coldbox.system.cache.providers.CacheBoxColdBoxProvider","CacheBox Cache: TEMPLATE has been initialized successfully for operation"
"INFO","COLDBOXFILE","02/11/2011","11:27:29","Sample Login Application","The user Administrator has now logged in."
"INFO","COLDBOXFILE","03/31/2011","16:11:49","coldbox.system.cache.providers.CacheBoxColdBoxProvider","CacheBox Cache: default has been initialized successfully for operation"
"INFO","COLDBOXFILE","03/31/2011","16:11:49","coldbox.system.cache.providers.CacheBoxColdBoxProvider","CacheBox Cache: TEMPLATE has been initialized successfully for operation"
"INFO","COLDBOXFILE","03/20/2012","16:55:47","coldbox.system.cache.providers.CacheBoxColdBoxProvider","CacheBox Cache: default has been initialized successfully for operation"
"INFO","COLDBOXFILE","03/20/2012","16:55:47","coldbox.system.cache.providers.CacheBoxColdBoxProvider","CacheBox Cache: TEMPLATE has been initialized successfully for operation"
"WARN","COLDBOXFILE","03/20/2012","16:55:49","Sample Login Application","Invalid logon information detected. IP used: 127.0.0.1"
"WARN","COLDBOXFILE","03/20/2012","16:55:53","Sample Login Application","Invalid logon information detected. IP used: 127.0.0.1"
"INFO","COLDBOXFILE","03/20/2012","16:55:58","Sample Login Application","The user Administrator has now logged in."
"ERROR","COLDBOXFILE","02/11/2014","10:14:38","Sample Login Application","Application Execution Exception  CFErrorType=expression  CFMessage=component [coldbox.system.plugins.MessageBox] has no  function with name [isEmpty]  CFStackTrace=component [coldbox.system.plugins.MessageBox] has no  function with name [isEmpty]
	at railo.runtime.type.util.ComponentUtil.notFunction(ComponentUtil.java:586):586
	at railo.runtime.ComponentImpl.onMissingMethod(ComponentImpl.java:549):549
	at railo.runtime.ComponentImpl._call(ComponentImpl.java:508):508
	at railo.runtime.ComponentImpl.call(ComponentImpl.java:1732):1732
	at railo.runtime.util.VariableUtilImpl.callFunctionWithoutNamedValues(VariableUtilImpl.java:713):713
	at railo.runtime.PageContextImpl.getFunction(PageContextImpl.java:1471):1471
	at coldbox.samples.applications.sampleloginapp.views.general.login_cfm$cf.call(/Users/lmajano/Sites/cboxdev/samples/coldbox/samples/applications/sampleloginapp/views/general/Login.cfm:24):24
	at railo.runtime.PageContextImpl.doInclude(PageContextImpl.java:809):809
	at railo.runtime.PageContextImpl.doInclude(PageContextImpl.java:785):785
	at coldbox.system.plugins.renderer_cfc$cf.udfCall1(/Users/lmajano/Sites/cboxdev/core/coldbox/system/plugins/Renderer.cfc:338):338
	at coldbox.system.plugins.renderer_cfc$cf.udfCall(/Users/lmajano/Sites/cboxdev/core/coldbox/system/plugins/Renderer.cfc):-1
	at railo.runtime.type.UDFImpl.implementation(UDFImpl.java:95):95
	at railo.runtime.type.UDFImpl._call(UDFImpl.java:308):308
	at railo.runtime.type.UDFImpl.call(UDFImpl.java:212):212
	at railo.runtime.type.scope.UndefinedImpl.call(UndefinedImpl.java:704):704
	at railo.runtime.util.VariableUtilImpl.callFunctionWithoutNamedValues(VariableUtilImpl.java:713):713
	at railo.runtime.PageContextImpl.getFunction(PageContextImpl.java:1471):1471
	at coldbox.system.plugins.renderer_cfc$cf.udfCall1(/Users/lmajano/Sites/cboxdev/core/coldbox/system/plugins/Renderer.cfc:183):183
	at coldbox.system.plugins.renderer_cfc$cf.udfCall(/Users/lmajano/Sites/cboxdev/core/coldbox/system/plugins/Renderer.cfc):-1
	at railo.runtime.type.UDFImpl.implementation(UDFImpl.java:95):95
	at railo.runtime.type.UDFImpl._call(UDFImpl.java:308):308
	at railo.runtime.type.UDFImpl.call(UDFImpl.java:212):212
	at railo.runtime.type.scope.UndefinedImpl.call(UndefinedImpl.java:704):704
	at railo.runtime.util.VariableUtilImpl.callFunctionWithoutNamedValues(VariableUtilImpl.java:713):713
	at railo.runtime.PageContextImpl.getFunction(PageContextImpl.java:1471):1471
	at coldbox.samples.applications.sampleloginapp.layouts.layout_main_cfm322$cf.call(/Users/lmajano/Sites/cboxdev/samples/coldbox/samples/applications/sampleloginapp/layouts/Layout.Main.cfm:60):60
	at railo.runtime.PageContextImpl.doInclude(PageContextImpl.java:809):809
	at railo.runtime.PageContextImpl.doInclude(PageContextImpl.java:785):785
	at coldbox.system.plugins.renderer_cfc$cf.udfCall1(/Users/lmajano/Sites/cboxdev/core/coldbox/system/plugins/Renderer.cfc:338):338
	at coldbox.system.plugins.renderer_cfc$cf.udfCall(/Users/lmajano/Sites/cboxdev/core/coldbox/system/plugins/Renderer.cfc):-1
	at railo.runtime.type.UDFImpl.implementation(UDFImpl.java:95):95
	at railo.runtime.type.UDFImpl._call(UDFImpl.java:308):308
	at railo.runtime.type.UDFImpl.call(UDFImpl.java:212):212
	at railo.runtime.type.scope.UndefinedImpl.call(UndefinedImpl.java:704):704
	at railo.runtime.util.VariableUtilImpl.callFunctionWithoutNamedValues(VariableUtilImpl.java:713):713
	at railo.runtime.PageContextImpl.getFunction(PageContextImpl.java:1471):1471
	at coldbox.system.plugins.renderer_cfc$cf.udfCall1_000001(/Users/lmajano/Sites/cboxdev/core/coldbox/system/plugins/Renderer.cfc:475):475
	at coldbox.system.plugins.renderer_cfc$cf.udfCall1(/Users/lmajano/Sites/cboxdev/core/coldbox/system/plugins/Renderer.cfc:429):429
	at coldbox.system.plugins.renderer_cfc$cf.udfCall(/Users/lmajano/Sites/cboxdev/core/coldbox/system/plugins/Renderer.cfc):-1
	at railo.runtime.type.UDFImpl.implementation(UDFImpl.java:95):95
	at railo.runtime.type.UDFImpl._call(UDFImpl.java:308):308
	at railo.runtime.type.UDFImpl.callWithNamedValues(UDFImpl.java:199):199
	at railo.runtime.ComponentImpl._call(ComponentImpl.java:589):589
	at railo.runtime.ComponentImpl._call(ComponentImpl.java:506):506
	at railo.runtime.ComponentImpl.callWithNamedValues(ComponentImpl.java:1749):1749
	at railo.runtime.util.VariableUtilImpl.callFunctionWithNamedValues(VariableUtilImpl.java:739):739
	at railo.runtime.PageContextImpl.getFunctionWithNamedValues(PageContextImpl.java:1481):1481
	at coldbox.system.coldbox_cfc$cf.udfCall1(/Users/lmajano/Sites/cboxdev/core/coldbox/system/Coldbox.cfc:256):256
	at coldbox.system.coldbox_cfc$cf.udfCall(/Users/lmajano/Sites/cboxdev/core/coldbox/system/Coldbox.cfc):-1
	at railo.runtime.type.UDFImpl.implementation(UDFImpl.java:95):95
	at railo.runtime.type.UDFImpl._call(UDFImpl.java:308):308
	at railo.runtime.type.UDFImpl.call(UDFImpl.java:212):212
	at railo.runtime.type.scope.UndefinedImpl.call(UndefinedImpl.java:704):704
	at railo.runtime.util.VariableUtilImpl.callFunctionWithoutNamedValues(VariableUtilImpl.java:713):713
	at railo.runtime.PageContextImpl.getFunction(PageContextImpl.java:1471):1471
	at coldbox.samples.applications.sampleloginapp.application_cfc$cf.udfCall(/Users/lmajano/Sites/cboxdev/samples/coldbox/samples/applications/sampleloginapp/Application.cfc:51):51
	at railo.runtime.type.UDFImpl.implementation(UDFImpl.java:95):95
	at railo.runtime.type.UDFImpl._call(UDFImpl.java:308):308
	at railo.runtime.type.UDFImpl.call(UDFImpl.java:212):212
	at railo.runtime.ComponentImpl._call(ComponentImpl.java:588):588
	at railo.runtime.ComponentImpl._call(ComponentImpl.java:506):506
	at railo.runtime.ComponentImpl.call(ComponentImpl.java:1732):1732
	at railo.runtime.listener.ModernAppListener.call(ModernAppListener.java:387):387
	at railo.runtime.listener.ModernAppListener._onRequest(ModernAppListener.java:113):113
	at railo.runtime.listener.MixedAppListener.onRequest(MixedAppListener.java:18):18
	at railo.runtime.PageContextImpl.execute(PageContextImpl.java:2135):2135
	at railo.runtime.PageContextImpl.execute(PageContextImpl.java:2102):2102
	at railo.runtime.engine.CFMLEngineImpl.serviceCFML(CFMLEngineImpl.java:332):332
	at railo.loader.servlet.CFMLServlet.service(CFMLServlet.java:29):29
	at javax.servlet.http.HttpServlet.service(HttpServlet.java:97):97
	at com.caucho.server.dispatch.ServletFilterChain.doFilter(ServletFilterChain.java:109):109
	at sun.reflect.GeneratedMethodAccessor140.invoke(Unknown Source):-1
	at sun.reflect.DelegatingMethodAccessorImpl.invoke(DelegatingMethodAccessorImpl.java:43):43
	at java.lang.reflect.Method.invoke(Method.java:606):606
	at com.intergral.fusionreactor.j2ee.filterchain.WrappedFilterChain.doFilter(WrappedFilterChain.java:96):96
	at com.intergral.fusionreactor.j2ee.filter.FusionReactorRequestHandler.doNext(FusionReactorRequestHandler.java:350):350
	at com.intergral.fusionreactor.j2ee.filter.FusionReactorRequestHandler.doHttpServletRequest(FusionReactorRequestHandler.java:224):224
	at com.intergral.fusionreactor.j2ee.filter.FusionReactorRequestHandler.doFusionRequest(FusionReactorRequestHandler.java:153):153
	at com.intergral.fusionreactor.j2ee.filter.FusionReactorRequestHandler.handle(FusionReactorRequestHandler.java:385):385
	at com.intergral.fusionreactor.j2ee.filter.FusionReactorCoreFilter.doFilter(FusionReactorCoreFilter.java:36):36
	at sun.reflect.GeneratedMethodAccessor139.invoke(Unknown Source):-1
	at sun.reflect.DelegatingMethodAccessorImpl.invoke(DelegatingMethodAccessorImpl.java:43):43
	at java.lang.reflect.Method.invoke(Method.java:606):606
	at com.intergral.fusionreactor.j2ee.filterchain.WrappedFilterChain.doFilter(WrappedFilterChain.java:78):78
	at sun.reflect.GeneratedMethodAccessor138.invoke(Unknown Source):-1
	at sun.reflect.DelegatingMethodAccessorImpl.invoke(DelegatingMethodAccessorImpl.java:43):43
	at java.lang.reflect.Method.invoke(Method.java:606):606
	at com.intergral.fusionreactor.agent.filter.FusionReactorStaticFilter.doFilter(FusionReactorStaticFilter.java:53):53
	at com.intergral.fusionreactor.agent.pointcuts.NewFilterChainPointCut$1.invoke(NewFilterChainPointCut.java:41):41
	at com.caucho.server.dispatch.ServletFilterChain.doFilter(ServletFilterChain.java):-1
	at com.caucho.server.webapp.WebAppFilterChain.doFilter(WebAppFilterChain.java:156):156
	at com.caucho.server.webapp.AccessLogFilterChain.doFilter(AccessLogFilterChain.java:95):95
	at com.caucho.server.dispatch.ServletInvocation.service(ServletInvocation.java:289):289
	at com.caucho.server.hmux.HmuxRequest.handleInvocation(HmuxRequest.java:472):472
	at com.caucho.server.hmux.HmuxRequest.handleRequestImpl(HmuxRequest.java:373):373
	at com.caucho.server.hmux.HmuxRequest.handleRequest(HmuxRequest.java:340):340
	at com.caucho.network.listen.TcpSocketLink.dispatchRequest(TcpSocketLink.java:1309):1309
	at com.caucho.network.listen.TcpSocketLink.handleRequest(TcpSocketLink.java:1265):1265
	at com.caucho.network.listen.TcpSocketLink.handleRequestsImpl(TcpSocketLink.java:1249):1249
	at com.caucho.network.listen.TcpSocketLink.handleRequests(TcpSocketLink.java:1157):1157
	at com.caucho.network.listen.TcpSocketLink.handleAcceptTaskImpl(TcpSocketLink.java:956):956
	at com.caucho.network.listen.ConnectionTask.runThread(ConnectionTask.java:117):117
	at com.caucho.network.listen.ConnectionTask.run(ConnectionTask.java:93):93
	at com.caucho.network.listen.SocketLinkThreadLauncher.handleTasks(SocketLinkThreadLauncher.java:169):169
	at com.caucho.network.listen.TcpSocketAcceptThread.run(TcpSocketAcceptThread.java:61):61
	at com.caucho.env.thread2.ResinThread2.runTasks(ResinThread2.java:173):173
	at com.caucho.env.thread2.ResinThread2.run(ResinThread2.java:118):118
  CFTagContext=ID: ??; LINE: 24; TEMPLATE: /Users/lmajano/Sites/cboxdev/samples/coldbox/samples/applications/sampleloginapp/views/general/Login.cfm   ID: ??; LINE: 338; TEMPLATE: /Users/lmajano/Sites/cboxdev/core/coldbox/system/plugins/Renderer.cfc   ID: ??; LINE: 183; TEMPLATE: /Users/lmajano/Sites/cboxdev/core/coldbox/system/plugins/Renderer.cfc   ID: ??; LINE: 60; TEMPLATE: /Users/lmajano/Sites/cboxdev/samples/coldbox/samples/applications/sampleloginapp/layouts/Layout.Main.cfm   ID: ??; LINE: 338; TEMPLATE: /Users/lmajano/Sites/cboxdev/core/coldbox/system/plugins/Renderer.cfc   ID: ??; LINE: 475; TEMPLATE: /Users/lmajano/Sites/cboxdev/core/coldbox/system/plugins/Renderer.cfc   ID: ??; LINE: 429; TEMPLATE: /Users/lmajano/Sites/cboxdev/core/coldbox/system/plugins/Renderer.cfc   ID: ??; LINE: 256; TEMPLATE: /Users/lmajano/Sites/cboxdev/core/coldbox/system/Coldbox.cfc   ID: ??; LINE: 51; TEMPLATE: /Users/lmajano/Sites/cboxdev/samples/coldbox/samples/applications/sampleloginapp/Application.cfc"
"ERROR","COLDBOXFILE","02/11/2014","10:16:28","Sample Login Application","Application Execution Exception  CFErrorType=expression  CFMessage=component [coldbox.system.plugins.MessageBox] has no  function with name [isEmpty]  CFStackTrace=component [coldbox.system.plugins.MessageBox] has no  function with name [isEmpty]
	at railo.runtime.type.util.ComponentUtil.notFunction(ComponentUtil.java:586):586
	at railo.runtime.ComponentImpl.onMissingMethod(ComponentImpl.java:549):549
	at railo.runtime.ComponentImpl._call(ComponentImpl.java:508):508
	at railo.runtime.ComponentImpl.call(ComponentImpl.java:1732):1732
	at railo.runtime.util.VariableUtilImpl.callFunctionWithoutNamedValues(VariableUtilImpl.java:713):713
	at railo.runtime.PageContextImpl.getFunction(PageContextImpl.java:1471):1471
	at coldbox.samples.applications.sampleloginapp.views.general.login_cfm$cf.call(/Users/lmajano/Sites/cboxdev/samples/coldbox/samples/applications/sampleloginapp/views/general/Login.cfm:24):24
	at railo.runtime.PageContextImpl.doInclude(PageContextImpl.java:809):809
	at railo.runtime.PageContextImpl.doInclude(PageContextImpl.java:785):785
	at coldbox.system.plugins.renderer_cfc$cf.udfCall1(/Users/lmajano/Sites/cboxdev/core/coldbox/system/plugins/Renderer.cfc:338):338
	at coldbox.system.plugins.renderer_cfc$cf.udfCall(/Users/lmajano/Sites/cboxdev/core/coldbox/system/plugins/Renderer.cfc):-1
	at railo.runtime.type.UDFImpl.implementation(UDFImpl.java:95):95
	at railo.runtime.type.UDFImpl._call(UDFImpl.java:308):308
	at railo.runtime.type.UDFImpl.call(UDFImpl.java:212):212
	at railo.runtime.type.scope.UndefinedImpl.call(UndefinedImpl.java:704):704
	at railo.runtime.util.VariableUtilImpl.callFunctionWithoutNamedValues(VariableUtilImpl.java:713):713
	at railo.runtime.PageContextImpl.getFunction(PageContextImpl.java:1471):1471
	at coldbox.system.plugins.renderer_cfc$cf.udfCall1(/Users/lmajano/Sites/cboxdev/core/coldbox/system/plugins/Renderer.cfc:183):183
	at coldbox.system.plugins.renderer_cfc$cf.udfCall(/Users/lmajano/Sites/cboxdev/core/coldbox/system/plugins/Renderer.cfc):-1
	at railo.runtime.type.UDFImpl.implementation(UDFImpl.java:95):95
	at railo.runtime.type.UDFImpl._call(UDFImpl.java:308):308
	at railo.runtime.type.UDFImpl.call(UDFImpl.java:212):212
	at railo.runtime.type.scope.UndefinedImpl.call(UndefinedImpl.java:704):704
	at railo.runtime.util.VariableUtilImpl.callFunctionWithoutNamedValues(VariableUtilImpl.java:713):713
	at railo.runtime.PageContextImpl.getFunction(PageContextImpl.java:1471):1471
	at coldbox.samples.applications.sampleloginapp.layouts.layout_main_cfm322$cf.call(/Users/lmajano/Sites/cboxdev/samples/coldbox/samples/applications/sampleloginapp/layouts/Layout.Main.cfm:60):60
	at railo.runtime.PageContextImpl.doInclude(PageContextImpl.java:809):809
	at railo.runtime.PageContextImpl.doInclude(PageContextImpl.java:785):785
	at coldbox.system.plugins.renderer_cfc$cf.udfCall1(/Users/lmajano/Sites/cboxdev/core/coldbox/system/plugins/Renderer.cfc:338):338
	at coldbox.system.plugins.renderer_cfc$cf.udfCall(/Users/lmajano/Sites/cboxdev/core/coldbox/system/plugins/Renderer.cfc):-1
	at railo.runtime.type.UDFImpl.implementation(UDFImpl.java:95):95
	at railo.runtime.type.UDFImpl._call(UDFImpl.java:308):308
	at railo.runtime.type.UDFImpl.call(UDFImpl.java:212):212
	at railo.runtime.type.scope.UndefinedImpl.call(UndefinedImpl.java:704):704
	at railo.runtime.util.VariableUtilImpl.callFunctionWithoutNamedValues(VariableUtilImpl.java:713):713
	at railo.runtime.PageContextImpl.getFunction(PageContextImpl.java:1471):1471
	at coldbox.system.plugins.renderer_cfc$cf.udfCall1_000001(/Users/lmajano/Sites/cboxdev/core/coldbox/system/plugins/Renderer.cfc:475):475
	at coldbox.system.plugins.renderer_cfc$cf.udfCall1(/Users/lmajano/Sites/cboxdev/core/coldbox/system/plugins/Renderer.cfc:429):429
	at coldbox.system.plugins.renderer_cfc$cf.udfCall(/Users/lmajano/Sites/cboxdev/core/coldbox/system/plugins/Renderer.cfc):-1
	at railo.runtime.type.UDFImpl.implementation(UDFImpl.java:95):95
	at railo.runtime.type.UDFImpl._call(UDFImpl.java:308):308
	at railo.runtime.type.UDFImpl.callWithNamedValues(UDFImpl.java:199):199
	at railo.runtime.ComponentImpl._call(ComponentImpl.java:589):589
	at railo.runtime.ComponentImpl._call(ComponentImpl.java:506):506
	at railo.runtime.ComponentImpl.callWithNamedValues(ComponentImpl.java:1749):1749
	at railo.runtime.util.VariableUtilImpl.callFunctionWithNamedValues(VariableUtilImpl.java:739):739
	at railo.runtime.PageContextImpl.getFunctionWithNamedValues(PageContextImpl.java:1481):1481
	at coldbox.system.coldbox_cfc$cf.udfCall1(/Users/lmajano/Sites/cboxdev/core/coldbox/system/Coldbox.cfc:256):256
	at coldbox.system.coldbox_cfc$cf.udfCall(/Users/lmajano/Sites/cboxdev/core/coldbox/system/Coldbox.cfc):-1
	at railo.runtime.type.UDFImpl.implementation(UDFImpl.java:95):95
	at railo.runtime.type.UDFImpl._call(UDFImpl.java:308):308
	at railo.runtime.type.UDFImpl.call(UDFImpl.java:212):212
	at railo.runtime.type.scope.UndefinedImpl.call(UndefinedImpl.java:704):704
	at railo.runtime.util.VariableUtilImpl.callFunctionWithoutNamedValues(VariableUtilImpl.java:713):713
	at railo.runtime.PageContextImpl.getFunction(PageContextImpl.java:1471):1471
	at coldbox.samples.applications.sampleloginapp.application_cfc$cf.udfCall(/Users/lmajano/Sites/cboxdev/samples/coldbox/samples/applications/sampleloginapp/Application.cfc:51):51
	at railo.runtime.type.UDFImpl.implementation(UDFImpl.java:95):95
	at railo.runtime.type.UDFImpl._call(UDFImpl.java:308):308
	at railo.runtime.type.UDFImpl.call(UDFImpl.java:212):212
	at railo.runtime.ComponentImpl._call(ComponentImpl.java:588):588
	at railo.runtime.ComponentImpl._call(ComponentImpl.java:506):506
	at railo.runtime.ComponentImpl.call(ComponentImpl.java:1732):1732
	at railo.runtime.listener.ModernAppListener.call(ModernAppListener.java:387):387
	at railo.runtime.listener.ModernAppListener._onRequest(ModernAppListener.java:113):113
	at railo.runtime.listener.MixedAppListener.onRequest(MixedAppListener.java:18):18
	at railo.runtime.PageContextImpl.execute(PageContextImpl.java:2135):2135
	at railo.runtime.PageContextImpl.execute(PageContextImpl.java:2102):2102
	at railo.runtime.engine.CFMLEngineImpl.serviceCFML(CFMLEngineImpl.java:332):332
	at railo.loader.servlet.CFMLServlet.service(CFMLServlet.java:29):29
	at javax.servlet.http.HttpServlet.service(HttpServlet.java:97):97
	at com.caucho.server.dispatch.ServletFilterChain.doFilter(ServletFilterChain.java:109):109
	at sun.reflect.GeneratedMethodAccessor140.invoke(Unknown Source):-1
	at sun.reflect.DelegatingMethodAccessorImpl.invoke(DelegatingMethodAccessorImpl.java:43):43
	at java.lang.reflect.Method.invoke(Method.java:606):606
	at com.intergral.fusionreactor.j2ee.filterchain.WrappedFilterChain.doFilter(WrappedFilterChain.java:96):96
	at com.intergral.fusionreactor.j2ee.filter.FusionReactorRequestHandler.doNext(FusionReactorRequestHandler.java:350):350
	at com.intergral.fusionreactor.j2ee.filter.FusionReactorRequestHandler.doHttpServletRequest(FusionReactorRequestHandler.java:224):224
	at com.intergral.fusionreactor.j2ee.filter.FusionReactorRequestHandler.doFusionRequest(FusionReactorRequestHandler.java:153):153
	at com.intergral.fusionreactor.j2ee.filter.FusionReactorRequestHandler.handle(FusionReactorRequestHandler.java:385):385
	at com.intergral.fusionreactor.j2ee.filter.FusionReactorCoreFilter.doFilter(FusionReactorCoreFilter.java:36):36
	at sun.reflect.GeneratedMethodAccessor139.invoke(Unknown Source):-1
	at sun.reflect.DelegatingMethodAccessorImpl.invoke(DelegatingMethodAccessorImpl.java:43):43
	at java.lang.reflect.Method.invoke(Method.java:606):606
	at com.intergral.fusionreactor.j2ee.filterchain.WrappedFilterChain.doFilter(WrappedFilterChain.java:78):78
	at sun.reflect.GeneratedMethodAccessor138.invoke(Unknown Source):-1
	at sun.reflect.DelegatingMethodAccessorImpl.invoke(DelegatingMethodAccessorImpl.java:43):43
	at java.lang.reflect.Method.invoke(Method.java:606):606
	at com.intergral.fusionreactor.agent.filter.FusionReactorStaticFilter.doFilter(FusionReactorStaticFilter.java:53):53
	at com.intergral.fusionreactor.agent.pointcuts.NewFilterChainPointCut$1.invoke(NewFilterChainPointCut.java:41):41
	at com.caucho.server.dispatch.ServletFilterChain.doFilter(ServletFilterChain.java):-1
	at com.caucho.server.webapp.WebAppFilterChain.doFilter(WebAppFilterChain.java:156):156
	at com.caucho.server.webapp.AccessLogFilterChain.doFilter(AccessLogFilterChain.java:95):95
	at com.caucho.server.dispatch.ServletInvocation.service(ServletInvocation.java:289):289
	at com.caucho.server.hmux.HmuxRequest.handleInvocation(HmuxRequest.java:472):472
	at com.caucho.server.hmux.HmuxRequest.handleRequestImpl(HmuxRequest.java:373):373
	at com.caucho.server.hmux.HmuxRequest.handleRequest(HmuxRequest.java:340):340
	at com.caucho.network.listen.TcpSocketLink.dispatchRequest(TcpSocketLink.java:1309):1309
	at com.caucho.network.listen.TcpSocketLink.handleRequest(TcpSocketLink.java:1265):1265
	at com.caucho.network.listen.TcpSocketLink.handleRequestsImpl(TcpSocketLink.java:1249):1249
	at com.caucho.network.listen.TcpSocketLink.handleRequests(TcpSocketLink.java:1157):1157
	at com.caucho.network.listen.TcpSocketLink.handleAcceptTaskImpl(TcpSocketLink.java:956):956
	at com.caucho.network.listen.ConnectionTask.runThread(ConnectionTask.java:117):117
	at com.caucho.network.listen.ConnectionTask.run(ConnectionTask.java:93):93
	at com.caucho.network.listen.SocketLinkThreadLauncher.handleTasks(SocketLinkThreadLauncher.java:169):169
	at com.caucho.network.listen.TcpSocketAcceptThread.run(TcpSocketAcceptThread.java:61):61
	at com.caucho.env.thread2.ResinThread2.runTasks(ResinThread2.java:173):173
	at com.caucho.env.thread2.ResinThread2.run(ResinThread2.java:118):118
  CFTagContext=ID: ??; LINE: 24; TEMPLATE: /Users/lmajano/Sites/cboxdev/samples/coldbox/samples/applications/sampleloginapp/views/general/Login.cfm   ID: ??; LINE: 338; TEMPLATE: /Users/lmajano/Sites/cboxdev/core/coldbox/system/plugins/Renderer.cfc   ID: ??; LINE: 183; TEMPLATE: /Users/lmajano/Sites/cboxdev/core/coldbox/system/plugins/Renderer.cfc   ID: ??; LINE: 60; TEMPLATE: /Users/lmajano/Sites/cboxdev/samples/coldbox/samples/applications/sampleloginapp/layouts/Layout.Main.cfm   ID: ??; LINE: 338; TEMPLATE: /Users/lmajano/Sites/cboxdev/core/coldbox/system/plugins/Renderer.cfc   ID: ??; LINE: 475; TEMPLATE: /Users/lmajano/Sites/cboxdev/core/coldbox/system/plugins/Renderer.cfc   ID: ??; LINE: 429; TEMPLATE: /Users/lmajano/Sites/cboxdev/core/coldbox/system/plugins/Renderer.cfc   ID: ??; LINE: 256; TEMPLATE: /Users/lmajano/Sites/cboxdev/core/coldbox/system/Coldbox.cfc   ID: ??; LINE: 51; TEMPLATE: /Users/lmajano/Sites/cboxdev/samples/coldbox/samples/applications/sampleloginapp/Application.cfc"
