"Severity","Appender","Date","Time","Category","Message"
"WARN","coldboxfile","08/08/2009","10:38:32","ColdBoxReader","The BeanFactory definition file cannot be located -> /coldbox/samples/applications/ColdBoxReader/config/ModelMappings.cfm"
"ERROR","coldboxfile","08/08/2009","10:38:34","ColdBoxReader","Error autowiring coldbox.samples.applications.ColdBoxReader.handlers.main. invalid component definition, can't find coldbox.system.extras.ColdboxFactory"
"ERROR","coldboxfile","08/08/2009","10:38:34","ColdBoxReader","Error autowiring coldbox.samples.applications.ColdBoxReader.handlers.main. invalid component definition, can't find coldbox.system.extras.ColdboxFactory"
"ERROR","coldboxfile","08/08/2009","10:38:34","ColdBoxReader","Error Running Custom Exception handler ExtraInfo:CFErrorType=Autowire.AutowireExceptionCFDetails=invalid component definition, can't find coldbox.system.extras.ColdboxFactory
	at railo.runtime.component.ComponentLoader.loadComponentImpl(ComponentLoader.java:47):47
	at railo.runtime.PageContextImpl.loadComponent(PageContextImpl.java:2308):2308
	at railo.runtime.functions.other.CreateObject.doComponent(CreateObject.java:111):111
	at railo.runtime.functions.other.CreateObject.call(CreateObject.java:49):49
	at railo.runtime.functions.other.CreateObject.call(CreateObject.java:29):29
	at coldbox.system.extras.lightwire.lightwire_cfc$cf.udfCall2(/Users/lmajano/Documents/MyDevelopment/cboxdev/core/coldbox/system/extras/lightwire/LightWire.cfc:253):253
	at coldbox.system.extras.lightwire.lightwire_cfc$cf.udfCall(/Users/lmajano/Documents/MyDevelopment/cboxdev/core/coldbox/system/extras/lightwire/LightWire.cfc):-1
	at railo.runtime.type.UDFImpl.implementation(UDFImpl.java:166):166
	at railo.runtime.type.UDFImpl._call(UDFImpl.java:319):319
	at railo.runtime.type.UDFImpl.call(UDFImpl.java:284):284
	at railo.runtime.util.VariableUtilImpl.callFunctionWithoutNamedValues(VariableUtilImpl.java:622):622
	at railo.runtime.PageContextImpl.getFunction(PageContextImpl.java:1259):1259
	at coldbox.system.extras.lightwire.lightwire_cfc$cf.udfCall2(/Users/lmajano/Documents/MyDevelopment/cboxdev/core/coldbox/system/extras/lightwire/LightWire.cfc:192):192
	at coldbox.system.extras.lightwire.lightwire_cfc$cf.udfCall(/Users/lmajano/Documents/MyDevelopment/cboxdev/core/coldbox/system/extras/lightwire/LightWire.cfc):-1
	at railo.runtime.type.UDFImpl.implementation(UDFImpl.java:166):166
	at railo.runtime.type.UDFImpl._call(UDFImpl.java:319):319
	at railo.runtime.type.UDFImpl.call(UDFImpl.java:284):284
	at railo.runtime.util.VariableUtilImpl.callFunctionWithoutNamedValues(VariableUtilImpl.java:622):622
	at railo.runtime.PageContextImpl.getFunction(PageContextImpl.java:1259):1259
	at coldbox.system.extras.lightwire.lightwire_cfc$cf.udfCall1(/Users/lmajano/Documents/MyDevelopment/cboxdev/core/coldbox/system/extras/lightwire/LightWire.cfc:117):117
	at coldbox.system.extras.lightwire.lightwire_cfc$cf.udfCall(/Users/lmajano/Documents/MyDevelopment/cboxdev/core/coldbox/system/extras/lightwire/LightWire.cfc):-1
	at railo.runtime.type.UDFImpl.implementation(UDFImpl.java:166):166
	at railo.runtime.type.UDFImpl._call(UDFImpl.java:319):319
	at railo.runtime.type.UDFImpl.call(UDFImpl.java:284):284
	at railo.runtime.util.VariableUtilImpl.callFunctionWithoutNamedValues(VariableUtilImpl.java:622):622
	at railo.runtime.PageContextImpl.getFunction(PageContextImpl.java:1259):1259
	at coldbox.system.extras.lightwire.lightwire_cfc$cf.udfCall2(/Users/lmajano/Documents/MyDevelopment/cboxdev/core/coldbox/system/extras/lightwire/LightWire.cfc:269):269
	at coldbox.system.extras.lightwire.lightwire_cfc$cf.udfCall(/Users/lmajano/Documents/MyDevelopment/cboxdev/core/coldbox/system/extras/lightwire/LightWire.cfc):-1
	at railo.runtime.type.UDFImpl.implementation(UDFImpl.java:166):166
	at railo.runtime.type.UDFImpl._call(UDFImpl.java:319):319
	at railo.runtime.type.UDFImpl.call(UDFImpl.java:284):284
	at railo.runtime.util.VariableUtilImpl.callFunctionWithoutNamedValues(VariableUtilImpl.java:622):622
	at railo.runtime.PageContextImpl.getFunction(PageContextImpl.java:1259):1259
	at coldbox.system.extras.lightwire.lightwire_cfc$cf.udfCall2(/Users/lmajano/Documents/MyDevelopment/cboxdev/core/coldbox/system/extras/lightwire/LightWire.cfc:192):192
	at coldbox.system.extras.lightwire.lightwire_cfc$cf.udfCall(/Users/lmajano/Documents/MyDevelopment/cboxdev/core/coldbox/system/extras/lightwire/LightWire.cfc):-1
	at railo.runtime.type.UDFImpl.implementation(UDFImpl.java:166):166
	at railo.runtime.type.UDFImpl._call(UDFImpl.java:319):319
	at railo.runtime.type.UDFImpl.call(UDFImpl.java:284):284
	at railo.runtime.util.VariableUtilImpl.callFunctionWithoutNamedValues(VariableUtilImpl.java:622):622
	at railo.runtime.PageContextImpl.getFunction(PageContextImpl.java:1259):1259
	at coldbox.system.extras.lightwire.lightwire_cfc$cf.udfCall1(/Users/lmajano/Documents/MyDevelopment/cboxdev/core/coldbox/system/extras/lightwire/LightWire.cfc:117):117
	at coldbox.system.extras.lightwire.lightwire_cfc$cf.udfCall(/Users/lmajano/Documents/MyDevelopment/cboxdev/core/coldbox/system/extras/lightwire/LightWire.cfc):-1
	at railo.runtime.type.UDFImpl.implementation(UDFImpl.java:166):166
	at railo.runtime.type.UDFImpl._call(UDFImpl.java:319):319
	at railo.runtime.type.UDFImpl.call(UDFImpl.java:284):284
	at railo.runtime.util.VariableUtilImpl.callFunctionWithoutNamedValues(VariableUtilImpl.java:622):622
	at railo.runtime.PageContextImpl.getFunction(PageContextImpl.java:1259):1259
	at coldbox.system.extras.lightwire.lightwire_cfc$cf.udfCall1(/Users/lmajano/Documents/MyDevelopment/cboxdev/core/coldbox/system/extras/lightwire/LightWire.cfc:79):79
	at coldbox.system.extras.lightwire.lightwire_cfc$cf.udfCall(/Users/lmajano/Documents/MyDevelopment/cboxdev/core/coldbox/system/extras/lightwire/LightWire.cfc):-1
	at railo.runtime.type.UDFImpl.implementation(UDFImpl.java:166):166
	at railo.runtime.type.UDFImpl._call(UDFImpl.java:319):319
	at railo.runtime.type.UDFImpl.call(UDFImpl.java:284):284
	at railo.runtime.util.VariableUtilImpl.callFunctionWithoutNamedValues(VariableUtilImpl.java:622):622
	at railo.runtime.PageContextImpl.getFunction(PageContextImpl.java:1259):1259
	at coldbox.system.extras.lightwire.lightwire_cfc$cf.udfCall2(/Users/lmajano/Documents/MyDevelopment/cboxdev/core/coldbox/system/extras/lightwire/LightWire.cfc:241):241
	at coldbox.system.extras.lightwire.lightwire_cfc$cf.udfCall(/Users/lmajano/Documents/MyDevelopment/cboxdev/core/coldbox/system/extras/lightwire/LightWire.cfc):-1
	at railo.runtime.type.UDFImpl.implementation(UDFImpl.java:166):166
	at railo.runtime.type.UDFImpl._call(UDFImpl.java:319):319
	at railo.runtime.type.UDFImpl.call(UDFImpl.java:284):284
	at railo.runtime.util.VariableUtilImpl.callFunctionWithoutNamedValues(VariableUtilImpl.java:622):622
	at railo.runtime.PageContextImpl.getFunction(PageContextImpl.java:1259):1259
	at coldbox.system.extras.lightwire.lightwire_cfc$cf.udfCall2(/Users/lmajano/Documents/MyDevelopment/cboxdev/core/coldbox/system/extras/lightwire/LightWire.cfc:192):192
	at coldbox.system.extras.lightwire.lightwire_cfc$cf.udfCall(/Users/lmajano/Documents/MyDevelopment/cboxdev/core/coldbox/system/extras/lightwire/LightWire.cfc):-1
	at railo.runtime.type.UDFImpl.implementation(UDFImpl.java:166):166
	at railo.runtime.type.UDFImpl._call(UDFImpl.java:319):319
	at railo.runtime.type.UDFImpl.call(UDFImpl.java:284):284
	at railo.runtime.util.VariableUtilImpl.callFunctionWithoutNamedValues(VariableUtilImpl.java:622):622
	at railo.runtime.PageContextImpl.getFunction(PageContextImpl.java:1259):1259
	at coldbox.system.extras.lightwire.lightwire_cfc$cf.udfCall1(/Users/lmajano/Documents/MyDevelopment/cboxdev/core/coldbox/system/extras/lightwire/LightWire.cfc:138):138
	at coldbox.system.extras.lightwire.lightwire_cfc$cf.udfCall(/Users/lmajano/Documents/MyDevelopment/cboxdev/core/coldbox/system/extras/lightwire/LightWire.cfc):-1
	at railo.runtime.type.UDFImpl.implementation(UDFImpl.java:166):166
	at railo.runtime.type.UDFImpl._call(UDFImpl.java:319):319
	at railo.runtime.type.UDFImpl.call(UDFImpl.java:284):284
	at railo.runtime.util.VariableUtilImpl.callFunctionWithoutNamedValues(VariableUtilImpl.java:622):622
	at railo.runtime.PageContextImpl.getFunction(PageContextImpl.java:1259):1259
	at coldbox.system.extras.lightwire.lightwire_cfc$cf.udfCall1(/Users/lmajano/Documents/MyDevelopment/cboxdev/core/coldbox/system/extras/lightwire/LightWire.cfc:82):82
	at coldbox.system.extras.lightwire.lightwire_cfc$cf.udfCall(/Users/lmajano/Documents/MyDevelopment/cboxdev/core/coldbox/system/extras/lightwire/LightWire.cfc):-1
	at railo.runtime.type.UDFImpl.implementation(UDFImpl.java:166):166
	at railo.runtime.type.UDFImpl._call(UDFImpl.java:319):319
	at railo.runtime.type.UDFImpl.call(UDFImpl.java:284):284
	at railo.runtime.util.VariableUtilImpl.callFunctionWithoutNamedValues(VariableUtilImpl.java:622):622
	at railo.runtime.PageContextImpl.getFunction(PageContextImpl.java:1259):1259
	at coldbox.system.extras.lightwire.lightwire_cfc$cf.udfCall2(/Users/lmajano/Documents/MyDevelopment/cboxdev/core/coldbox/system/extras/lightwire/LightWire.cfc:241):241
	at coldbox.system.extras.lightwire.lightwire_cfc$cf.udfCall(/Users/lmajano/Documents/MyDevelopment/cboxdev/core/coldbox/system/extras/lightwire/LightWire.cfc):-1
	at railo.runtime.type.UDFImpl.implementation(UDFImpl.java:166):166
	at railo.runtime.type.UDFImpl._call(UDFImpl.java:319):319
	at railo.runtime.type.UDFImpl.call(UDFImpl.java:284):284
	at railo.runtime.util.VariableUtilImpl.callFunctionWithoutNamedValues(VariableUtilImpl.java:622):622
	at railo.runtime.PageContextImpl.getFunction(PageContextImpl.java:1259):1259
	at coldbox.system.extras.lightwire.lightwire_cfc$cf.udfCall2(/Users/lmajano/Documents/MyDevelopment/cboxdev/core/coldbox/system/extras/lightwire/LightWire.cfc:192):192
	at coldbox.system.extras.lightwire.lightwire_cfc$cf.udfCall(/Users/lmajano/Documents/MyDevelopment/cboxdev/core/coldbox/system/extras/lightwire/LightWire.cfc):-1
	at railo.runtime.type.UDFImpl.implementation(UDFImpl.java:166):166
	at railo.runtime.type.UDFImpl._call(UDFImpl.java:319):319
	at railo.runtime.type.UDFImpl.call(UDFImpl.java:284):284
	at railo.runtime.util.VariableUtilImpl.callFunctionWithoutNamedValues(VariableUtilImpl.java:622):622
	at railo.runtime.PageContextImpl.getFunction(PageContextImpl.java:1259):1259
	at coldbox.system.extras.lightwire.lightwire_cfc$cf.udfCall1(/Users/lmajano/Documents/MyDevelopment/cboxdev/core/coldbox/system/extras/lightwire/LightWire.cfc:117):117
	at coldbox.system.extras.lightwire.lightwire_cfc$cf.udfCall(/Users/lmajano/Documents/MyDevelopment/cboxdev/core/coldbox/system/extras/lightwire/LightWire.cfc):-1
	at railo.runtime.type.UDFImpl.implementation(UDFImpl.java:166):166
	at railo.runtime.type.UDFImpl._call(UDFImpl.java:319):319
	at railo.runtime.type.UDFImpl.call(UDFImpl.java:284):284
	at railo.runtime.util.VariableUtilImpl.callFunctionWithoutNamedValues(VariableUtilImpl.java:622):622
	at railo.runtime.PageContextImpl.getFunction(PageContextImpl.java:1259):1259
	at coldbox.system.extras.lightwire.lightwire_cfc$cf.udfCall1(/Users/lmajano/Documents/MyDevelopment/cboxdev/core/coldbox/system/extras/lightwire/LightWire.cfc:79):79
	at coldbox.system.extras.lightwire.lightwire_cfc$cf.udfCall(/Users/lmajano/Documents/MyDevelopment/cboxdev/core/coldbox/system/extras/lightwire/LightWire.cfc):-1
	at railo.runtime.type.UDFImpl.implementation(UDFImpl.java:166):166
	at railo.runtime.type.UDFImpl._call(UDFImpl.java:319):319
	at railo.runtime.type.UDFImpl.call(UDFImpl.java:284):284
	at railo.runtime.ComponentImpl._call(ComponentImpl.java:385):385
	at railo.runtime.ComponentImpl._call(ComponentImpl.java:332):332
	at railo.runtime.ComponentImpl.call(ComponentImpl.java:1486):1486
	at railo.runtime.util.VariableUtilImpl.callFunctionWithoutNamedValues(VariableUtilImpl.java:617):617
	at railo.runtime.PageContextImpl.getFunction(PageContextImpl.java:1259):1259
	at coldbox.system.plugins.ioc_cfc$cf.udfCall1(/Users/lmajano/Documents/MyDevelopment/cboxdev/core/coldbox/system/plugins/IOC.cfc:121):121
	at coldbox.system.plugins.ioc_cfc$cf.udfCall(/Users/lmajano/Documents/MyDevelopment/cboxdev/core/coldbox/system/plugins/IOC.cfc):-1
	at railo.runtime.type.UDFImpl.implementation(UDFImpl.java:166):166
	at railo.runtime.type.UDFImpl._call(UDFImpl.java:319):319
	at railo.runtime.type.UDFImpl.call(UDFImpl.java:284):284
	at railo.runtime.ComponentImpl._call(ComponentImpl.java:385):385
	at railo.runtime.ComponentImpl._call(ComponentImpl.java:332):332
	at railo.runtime.ComponentImpl.call(ComponentImpl.java:1486):1486
	at railo.runtime.util.VariableUtilImpl.callFunctionWithoutNamedValues(VariableUtilImpl.java:617):617
	at railo.runtime.PageContextImpl.getFunction(PageContextImpl.java:1259):1259
	at coldbox.system.plugins.beanfactory_cfc$cf.udfCall3(/Users/lmajano/Documents/MyDevelopment/cboxdev/core/coldbox/system/plugins/BeanFactory.cfc:873):873
	at coldbox.system.plugins.beanfactory_cfc$cf.udfCall(/Users/lmajano/Documents/MyDevelopment/cboxdev/core/coldbox/system/plugins/BeanFactory.cfc):-1
	at railo.runtime.type.UDFImpl.implementation(UDFImpl.java:166):166
	at railo.runtime.type.UDFImpl._call(UDFImpl.java:319):319
	at railo.runtime.type.UDFImpl.call(UDFImpl.java:284):284
	at railo.runtime.util.VariableUtilImpl.callFunctionWithoutNamedValues(VariableUtilImpl.java:622):622
	at railo.runtime.PageContextImpl.getFunction(PageContextImpl.java:1259):1259
	at coldbox.system.plugins.beanfactory_cfc$cf.udfCall2(/Users/lmajano/Documents/MyDevelopment/cboxdev/core/coldbox/system/plugins/BeanFactory.cfc:671):671
	at coldbox.system.plugins.beanfactory_cfc$cf.udfCall(/Users/lmajano/Documents/MyDevelopment/cboxdev/core/coldbox/system/plugins/BeanFactory.cfc):-1
	at railo.runtime.type.UDFImpl.implementation(UDFImpl.java:166):166
	at railo.runtime.type.UDFImpl._call(UDFImpl.java:319):319
	at railo.runtime.type.UDFImpl.callWithNamedValues(UDFImpl.java:277):277
	at railo.runtime.util.VariableUtilImpl.callFunctionWithNamedValues(VariableUtilImpl.java:656):656
	at railo.runtime.PageContextImpl.getFunctionWithNamedValues(PageContextImpl.java:1274):1274
	at coldbox.system.plugins.beanfactory_cfc$cf.udfCall2(/Users/lmajano/Documents/MyDevelopment/cboxdev/core/coldbox/system/plugins/BeanFactory.cfc:583):583
	at coldbox.system.plugins.beanfactory_cfc$cf.udfCall(/Users/lmajano/Documents/MyDevelopment/cboxdev/core/coldbox/system/plugins/BeanFactory.cfc):-1
	at railo.runtime.type.UDFImpl.implementation(UDFImpl.java:166):166
	at railo.runtime.type.UDFImpl._call(UDFImpl.java:319):319
	at railo.runtime.type.UDFImpl.callWithNamedValues(UDFImpl.java:277):277
	at railo.runtime.ComponentImpl._call(ComponentImpl.java:386):386
	at railo.runtime.ComponentImpl._call(ComponentImpl.java:332):332
	at railo.runtime.ComponentImpl.callWithNamedValues(ComponentImpl.java:1505):1505
	at railo.runtime.util.VariableUtilImpl.callFunctionWithNamedValues(VariableUtilImpl.java:651):651
	at railo.runtime.PageContextImpl.getFunctionWithNamedValues(PageContextImpl.java:1274):1274
	at coldbox.system.interceptors.Autowire_cfc$cf.udfCall(/Users/lmajano/Documents/MyDevelopment/cboxdev/core/coldbox/system/interceptors/Autowire.cfc:109):109
	at railo.runtime.type.UDFImpl.implementation(UDFImpl.java:166):166
	at railo.runtime.type.UDFImpl._call(UDFImpl.java:319):319
	at railo.runtime.type.UDFImpl.call(UDFImpl.java:284):284
	at railo.runtime.util.VariableUtilImpl.callFunctionWithoutNamedValues(VariableUtilImpl.java:622):622
	at railo.runtime.PageContextImpl.getFunction(PageContextImpl.java:1259):1259
	at coldbox.system.interceptors.Autowire_cfc$cf.udfCall(/Users/lmajano/Documents/MyDevelopment/cboxdev/core/coldbox/system/interceptors/Autowire.cfc:80):80
	at railo.runtime.type.UDFImpl.implementation(UDFImpl.java:166):166
	at railo.runtime.type.UDFImpl._call(UDFImpl.java:319):319
	at railo.runtime.type.UDFImpl.callWithNamedValues(UDFImpl.java:277):277
	at railo.runtime.ComponentImpl._call(ComponentImpl.java:386):386
	at railo.runtime.ComponentImpl._call(ComponentImpl.java:332):332
	at railo.runtime.ComponentImpl.callWithNamedValues(ComponentImpl.java:1501):1501
	at railo.runtime.tag.Invoke.doComponent(Invoke.java:242):242
	at railo.runtime.tag.Invoke.doEndTag(Invoke.java:194):194
	at coldbox.system.beans.interceptorstate_cfc$cf.udfCall2(/Users/lmajano/Documents/MyDevelopment/cboxdev/core/coldbox/system/beans/InterceptorState.cfc:142):142
	at coldbox.system.beans.interceptorstate_cfc$cf.udfCall(/Users/lmajano/Documents/MyDevelopment/cboxdev/core/coldbox/system/beans/InterceptorState.cfc):-1
	at railo.runtime.type.UDFImpl.implementation(UDFImpl.java:166):166
	at railo.runtime.type.UDFImpl._call(UDFImpl.java:319):319
	at railo.runtime.type.UDFImpl.call(UDFImpl.java:284):284
	at railo.runtime.util.VariableUtilImpl.callFunctionWithoutNamedValues(VariableUtilImpl.java:622):622
	at railo.runtime.PageContextImpl.getFunction(PageContextImpl.java:1259):1259
	at coldbox.system.beans.interceptorstate_cfc$cf.udfCall1(/Users/lmajano/Documents/MyDevelopment/cboxdev/core/coldbox/system/beans/InterceptorState.cfc:99):99
	at coldbox.system.beans.interceptorstate_cfc$cf.udfCall(/Users/lmajano/Documents/MyDevelopment/cboxdev/core/coldbox/system/beans/InterceptorState.cfc):-1
	at railo.runtime.type.UDFImpl.implementation(UDFImpl.java:166):166
	at railo.runtime.type.UDFImpl._call(UDFImpl.java:319):319
	at railo.runtime.type.UDFImpl.call(UDFImpl.java:284):284
	at railo.runtime.ComponentImpl._call(ComponentImpl.java:385):385
	at railo.runtime.ComponentImpl._call(ComponentImpl.java:332):332
	at railo.runtime.ComponentImpl.call(ComponentImpl.java:1486):1486
	at railo.runtime.util.VariableUtilImpl.callFunctionWithoutNamedValues(VariableUtilImpl.java:617):617
	at railo.runtime.PageContextImpl.getFunction(PageContextImpl.java:1259):1259
	at coldbox.system.services.interceptorservice_cfc$cf.udfCall1(/Users/lmajano/Documents/MyDevelopment/cboxdev/core/coldbox/system/services/InterceptorService.cfc:95):95
	at coldbox.system.services.interceptorservice_cfc$cf.udfCall(/Users/lmajano/Documents/MyDevelopment/cboxdev/core/coldbox/system/services/InterceptorService.cfc):-1
	at railo.runtime.type.UDFImpl.implementation(UDFImpl.java:166):166
	at railo.runtime.type.UDFImpl._call(UDFImpl.java:319):319
	at railo.runtime.type.UDFImpl.call(UDFImpl.java:284):284
	at railo.runtime.ComponentImpl._call(ComponentImpl.java:385):385
	at railo.runtime.ComponentImpl._call(ComponentImpl.java:332):332
	at railo.runtime.ComponentImpl.call(ComponentImpl.java:1486):1486
	at railo.runtime.util.VariableUtilImpl.callFunctionWithoutNamedValues(VariableUtilImpl.java:617):617
	at railo.runtime.PageContextImpl.getFunction(PageContextImpl.java:1259):1259
	at coldbox.system.services.handlerservice_cfc$cf.udfCall1(/Users/lmajano/Documents/MyDevelopment/cboxdev/core/coldbox/system/services/HandlerService.cfc:55):55
	at coldbox.system.services.handlerservice_cfc$cf.udfCall(/Users/lmajano/Documents/MyDevelopment/cboxdev/core/coldbox/system/services/HandlerService.cfc):-1
	at railo.runtime.type.UDFImpl.implementation(UDFImpl.java:166):166
	at railo.runtime.type.UDFImpl._call(UDFImpl.java:319):319
	at railo.runtime.type.UDFImpl.call(UDFImpl.java:284):284
	at railo.runtime.util.VariableUtilImpl.callFunctionWithoutNamedValues(VariableUtilImpl.java:622):622
	at railo.runtime.PageContextImpl.getFunction(PageContextImpl.java:1259):1259
	at coldbox.system.services.handlerservice_cfc$cf.udfCall1(/Users/lmajano/Documents/MyDevelopment/cboxdev/core/coldbox/system/services/HandlerService.cfc:103):103
	at coldbox.system.services.handlerservice_cfc$cf.udfCall(/Users/lmajano/Documents/MyDevelopment/cboxdev/core/coldbox/system/services/HandlerService.cfc):-1
	at railo.runtime.type.UDFImpl.implementation(UDFImpl.java:166):166
	at railo.runtime.type.UDFImpl._call(UDFImpl.java:319):319
	at railo.runtime.type.UDFImpl.call(UDFImpl.java:284):284
	at railo.runtime.ComponentImpl._call(ComponentImpl.java:385):385
	at railo.runtime.ComponentImpl._call(ComponentImpl.java:332):332
	at railo.runtime.ComponentImpl.call(ComponentImpl.java:1486):1486
	at railo.runtime.util.VariableUtilImpl.callFunctionWithoutNamedValues(VariableUtilImpl.java:617):617
	at railo.runtime.PageContextImpl.getFunction(PageContextImpl.java:1259):1259
	at coldbox.system.controller_cfc$cf.udfCall5(/Users/lmajano/Documents/MyDevelopment/cboxdev/core/coldbox/system/Controller.cfc:438):438
	at coldbox.system.controller_cfc$cf.udfCall(/Users/lmajano/Documents/MyDevelopment/cboxdev/core/coldbox/system/Controller.cfc):-1
	at railo.runtime.type.UDFImpl.implementation(UDFImpl.java:166):166
	at railo.runtime.type.UDFImpl._call(UDFImpl.java:319):319
	at railo.runtime.type.UDFImpl.call(UDFImpl.java:284):284
	at railo.runtime.ComponentImpl._call(ComponentImpl.java:385):385
	at railo.runtime.ComponentImpl._call(ComponentImpl.java:332):332
	at railo.runtime.ComponentImpl.call(ComponentImpl.java:1486):1486
	at railo.runtime.util.VariableUtilImpl.callFunctionWithoutNamedValues(VariableUtilImpl.java:617):617
	at railo.runtime.PageContextImpl.getFunction(PageContextImpl.java:1259):1259
	at coldbox.system.services.exceptionservice_cfc$cf.udfCall(/Users/lmajano/Documents/MyDevelopment/cboxdev/core/coldbox/system/services/ExceptionService.cfc:52):52
	at railo.runtime.type.UDFImpl.implementation(UDFImpl.java:166):166
	at railo.runtime.type.UDFImpl._call(UDFImpl.java:319):319
	at railo.runtime.type.UDFImpl.call(UDFImpl.java:284):284
	at railo.runtime.ComponentImpl._call(ComponentImpl.java:385):385
	at railo.runtime.ComponentImpl._call(ComponentImpl.java:332):332
	at railo.runtime.ComponentImpl.call(ComponentImpl.java:1486):1486
	at railo.runtime.util.VariableUtilImpl.callFunctionWithoutNamedValues(VariableUtilImpl.java:617):617
	at railo.runtime.PageContextImpl.getFunction(PageContextImpl.java:1259):1259
	at coldbox.system.Coldbox_cfc$cf.udfCall1(/Users/lmajano/Documents/MyDevelopment/cboxdev/core/coldbox/system/Coldbox.cfc:256):256
	at coldbox.system.Coldbox_cfc$cf.udfCall(/Users/lmajano/Documents/MyDevelopment/cboxdev/core/coldbox/system/Coldbox.cfc):-1
	at railo.runtime.type.UDFImpl.implementation(UDFImpl.java:166):166
	at railo.runtime.type.UDFImpl._call(UDFImpl.java:319):319
	at railo.runtime.type.UDFImpl.call(UDFImpl.java:284):284
	at railo.runtime.util.VariableUtilImpl.callFunctionWithoutNamedValues(VariableUtilImpl.java:622):622
	at railo.runtime.PageContextImpl.getFunction(PageContextImpl.java:1259):1259
	at coldbox.samples.applications.coldboxreader.application_cfc$cf.udfCall(/Users/lmajano/Documents/MyDevelopment/cboxdev/samples/coldbox/samples/applications/ColdBoxReader/Application.cfc:51):51
	at railo.runtime.type.UDFImpl.implementation(UDFImpl.java:166):166
	at railo.runtime.type.UDFImpl._call(UDFImpl.java:319):319
	at railo.runtime.type.UDFImpl.call(UDFImpl.java:284):284
	at railo.runtime.ComponentImpl._call(ComponentImpl.java:385):385
	at railo.runtime.ComponentImpl._call(ComponentImpl.java:332):332
	at railo.runtime.ComponentImpl.call(ComponentImpl.java:1486):1486
	at railo.runtime.listener.ModernAppListener.call(ModernAppListener.java:282):282
	at railo.runtime.listener.ModernAppListener._onRequest(ModernAppListener.java:102):102
	at railo.runtime.listener.MixedAppListener.onRequest(MixedAppListener.java:23):23
	at railo.runtime.PageContextImpl.execute(PageContextImpl.java:1679):1679
	at railo.runtime.engine.CFMLEngineImpl.serviceCFML(CFMLEngineImpl.java:248):248
	at railo.loader.servlet.CFMLServlet.service(CFMLServlet.java:32):32
	at javax.servlet.http.HttpServlet.service(HttpServlet.java:91):91
	at com.caucho.server.dispatch.ServletFilterChain.doFilter(ServletFilterChain.java:103):103
	at com.caucho.server.webapp.WebAppFilterChain.doFilter(WebAppFilterChain.java:175):175
	at com.caucho.server.dispatch.ServletInvocation.service(ServletInvocation.java:240):240
	at com.caucho.server.hmux.HmuxRequest.handleRequest(HmuxRequest.java:424):424
	at com.caucho.server.port.TcpConnection.run(TcpConnection.java:481):481
	at com.caucho.util.ThreadPool$Item.runTasks(ThreadPool.java:685):685
	at com.caucho.util.ThreadPool$Item.run(ThreadPool.java:607):607
	at java.lang.Thread.run(Thread.java:613):613
CFMessage=Error autowiring coldbox.samples.applications.ColdBoxReader.handlers.main. invalid component definition, can't find coldbox.system.extras.ColdboxFactory CFStackTrace=Error autowiring coldbox.samples.applications.ColdBoxReader.handlers.main. invalid component definition, can't find coldbox.system.extras.ColdboxFactory 
	at railo.runtime.tag.Throw.doStartTag(Throw.java:135):135
	at coldbox.system.frameworksupertype_cfc$cf.udfCall4(/Users/lmajano/Documents/MyDevelopment/cboxdev/core/coldbox/system/FrameworkSupertype.cfc:420):420
	at coldbox.system.frameworksupertype_cfc$cf.udfCall(/Users/lmajano/Documents/MyDevelopment/cboxdev/core/coldbox/system/FrameworkSupertype.cfc):-1
	at railo.runtime.type.UDFImpl.implementation(UDFImpl.java:166):166
	at railo.runtime.type.UDFImpl._call(UDFImpl.java:319):319
	at railo.runtime.type.UDFImpl.callWithNamedValues(UDFImpl.java:277):277
	at railo.runtime.util.VariableUtilImpl.callFunctionWithNamedValues(VariableUtilImpl.java:656):656
	at railo.runtime.PageContextImpl.getFunctionWithNamedValues(PageContextImpl.java:1274):1274
	at coldbox.system.interceptors.Autowire_cfc$cf.udfCall(/Users/lmajano/Documents/MyDevelopment/cboxdev/core/coldbox/system/interceptors/Autowire.cfc:113):113
	at railo.runtime.type.UDFImpl.implementation(UDFImpl.java:166):166
	at railo.runtime.type.UDFImpl._call(UDFImpl.java:319):319
	at railo.runtime.type.UDFImpl.call(UDFImpl.java:284):284
	at railo.runtime.util.VariableUtilImpl.callFunctionWithoutNamedValues(VariableUtilImpl.java:622):622
	at railo.runtime.PageContextImpl.getFunction(PageContextImpl.java:1259):1259
	at coldbox.system.interceptors.Autowire_cfc$cf.udfCall(/Users/lmajano/Documents/MyDevelopment/cboxdev/core/coldbox/system/interceptors/Autowire.cfc:80):80
	at railo.runtime.type.UDFImpl.implementation(UDFImpl.java:166):166
	at railo.runtime.type.UDFImpl._call(UDFImpl.java:319):319
	at railo.runtime.type.UDFImpl.callWithNamedValues(UDFImpl.java:277):277
	at railo.runtime.ComponentImpl._call(ComponentImpl.java:386):386
	at railo.runtime.ComponentImpl._call(ComponentImpl.java:332):332
	at railo.runtime.ComponentImpl.callWithNamedValues(ComponentImpl.java:1501):1501
	at railo.runtime.tag.Invoke.doComponent(Invoke.java:242):242
	at railo.runtime.tag.Invoke.doEndTag(Invoke.java:194):194
	at coldbox.system.beans.interceptorstate_cfc$cf.udfCall2(/Users/lmajano/Documents/MyDevelopment/cboxdev/core/coldbox/system/beans/InterceptorState.cfc:142):142
	at coldbox.system.beans.interceptorstate_cfc$cf.udfCall(/Users/lmajano/Documents/MyDevelopment/cboxdev/core/coldbox/system/beans/InterceptorState.cfc):-1
	at railo.runtime.type.UDFImpl.implementation(UDFImpl.java:166):166
	at railo.runtime.type.UDFImpl._call(UDFImpl.java:319):319
	at railo.runtime.type.UDFImpl.call(UDFImpl.java:284):284
	at railo.runtime.util.VariableUtilImpl.callFunctionWithoutNamedValues(VariableUtilImpl.java:622):622
	at railo.runtime.PageContextImpl.getFunction(PageContextImpl.java:1259):1259
	at coldbox.system.beans.interceptorstate_cfc$cf.udfCall1(/Users/lmajano/Documents/MyDevelopment/cboxdev/core/coldbox/system/beans/InterceptorState.cfc:99):99
	at coldbox.system.beans.interceptorstate_cfc$cf.udfCall(/Users/lmajano/Documents/MyDevelopment/cboxdev/core/coldbox/system/beans/InterceptorState.cfc):-1
	at railo.runtime.type.UDFImpl.implementation(UDFImpl.java:166):166
	at railo.runtime.type.UDFImpl._call(UDFImpl.java:319):319
	at railo.runtime.type.UDFImpl.call(UDFImpl.java:284):284
	at railo.runtime.ComponentImpl._call(ComponentImpl.java:385):385
	at railo.runtime.ComponentImpl._call(ComponentImpl.java:332):332
	at railo.runtime.ComponentImpl.call(ComponentImpl.java:1486):1486
	at railo.runtime.util.VariableUtilImpl.callFunctionWithoutNamedValues(VariableUtilImpl.java:617):617
	at railo.runtime.PageContextImpl.getFunction(PageContextImpl.java:1259):1259
	at coldbox.system.services.interceptorservice_cfc$cf.udfCall1(/Users/lmajano/Documents/MyDevelopment/cboxdev/core/coldbox/system/services/InterceptorService.cfc:95):95
	at coldbox.system.services.interceptorservice_cfc$cf.udfCall(/Users/lmajano/Documents/MyDevelopment/cboxdev/core/coldbox/system/services/InterceptorService.cfc):-1
	at railo.runtime.type.UDFImpl.implementation(UDFImpl.java:166):166
	at railo.runtime.type.UDFImpl._call(UDFImpl.java:319):319
	at railo.runtime.type.UDFImpl.call(UDFImpl.java:284):284
	at railo.runtime.ComponentImpl._call(ComponentImpl.java:385):385
	at railo.runtime.ComponentImpl._call(ComponentImpl.java:332):332
	at railo.runtime.ComponentImpl.call(ComponentImpl.java:1486):1486
	at railo.runtime.util.VariableUtilImpl.callFunctionWithoutNamedValues(VariableUtilImpl.java:617):617
	at railo.runtime.PageContextImpl.getFunction(PageContextImpl.java:1259):1259
	at coldbox.system.services.handlerservice_cfc$cf.udfCall1(/Users/lmajano/Documents/MyDevelopment/cboxdev/core/coldbox/system/services/HandlerService.cfc:55):55
	at coldbox.system.services.handlerservice_cfc$cf.udfCall(/Users/lmajano/Documents/MyDevelopment/cboxdev/core/coldbox/system/services/HandlerService.cfc):-1
	at railo.runtime.type.UDFImpl.implementation(UDFImpl.java:166):166
	at railo.runtime.type.UDFImpl._call(UDFImpl.java:319):319
	at railo.runtime.type.UDFImpl.call(UDFImpl.java:284):284
	at railo.runtime.util.VariableUtilImpl.callFunctionWithoutNamedValues(VariableUtilImpl.java:622):622
	at railo.runtime.PageContextImpl.getFunction(PageContextImpl.java:1259):1259
	at coldbox.system.services.handlerservice_cfc$cf.udfCall1(/Users/lmajano/Documents/MyDevelopment/cboxdev/core/coldbox/system/services/HandlerService.cfc:103):103
	at coldbox.system.services.handlerservice_cfc$cf.udfCall(/Users/lmajano/Documents/MyDevelopment/cboxdev/core/coldbox/system/services/HandlerService.cfc):-1
	at railo.runtime.type.UDFImpl.implementation(UDFImpl.java:166):166
	at railo.runtime.type.UDFImpl._call(UDFImpl.java:319):319
	at railo.runtime.type.UDFImpl.call(UDFImpl.java:284):284
	at railo.runtime.ComponentImpl._call(ComponentImpl.java:385):385
	at railo.runtime.ComponentImpl._call(ComponentImpl.java:332):332
	at railo.runtime.ComponentImpl.call(ComponentImpl.java:1486):1486
	at railo.runtime.util.VariableUtilImpl.callFunctionWithoutNamedValues(VariableUtilImpl.java:617):617
	at railo.runtime.PageContextImpl.getFunction(PageContextImpl.java:1259):1259
	at coldbox.system.controller_cfc$cf.udfCall5(/Users/lmajano/Documents/MyDevelopment/cboxdev/core/coldbox/system/Controller.cfc:438):438
	at coldbox.system.controller_cfc$cf.udfCall(/Users/lmajano/Documents/MyDevelopment/cboxdev/core/coldbox/system/Controller.cfc):-1
	at railo.runtime.type.UDFImpl.implementation(UDFImpl.java:166):166
	at railo.runtime.type.UDFImpl._call(UDFImpl.java:319):319
	at railo.runtime.type.UDFImpl.call(UDFImpl.java:284):284
	at railo.runtime.ComponentImpl._call(ComponentImpl.java:385):385
	at railo.runtime.ComponentImpl._call(ComponentImpl.java:332):332
	at railo.runtime.ComponentImpl.call(ComponentImpl.java:1486):1486
	at railo.runtime.util.VariableUtilImpl.callFunctionWithoutNamedValues(VariableUtilImpl.java:617):617
	at railo.runtime.PageContextImpl.getFunction(PageContextImpl.java:1259):1259
	at coldbox.system.services.exceptionservice_cfc$cf.udfCall(/Users/lmajano/Documents/MyDevelopment/cboxdev/core/coldbox/system/services/ExceptionService.cfc:52):52
	at railo.runtime.type.UDFImpl.implementation(UDFImpl.java:166):166
	at railo.runtime.type.UDFImpl._call(UDFImpl.java:319):319
	at railo.runtime.type.UDFImpl.call(UDFImpl.java:284):284
	at railo.runtime.ComponentImpl._call(ComponentImpl.java:385):385
	at railo.runtime.ComponentImpl._call(ComponentImpl.java:332):332
	at railo.runtime.ComponentImpl.call(ComponentImpl.java:1486):1486
	at railo.runtime.util.VariableUtilImpl.callFunctionWithoutNamedValues(VariableUtilImpl.java:617):617
	at railo.runtime.PageContextImpl.getFunction(PageContextImpl.java:1259):1259
	at coldbox.system.Coldbox_cfc$cf.udfCall1(/Users/lmajano/Documents/MyDevelopment/cboxdev/core/coldbox/system/Coldbox.cfc:256):256
	at coldbox.system.Coldbox_cfc$cf.udfCall(/Users/lmajano/Documents/MyDevelopment/cboxdev/core/coldbox/system/Coldbox.cfc):-1
	at railo.runtime.type.UDFImpl.implementation(UDFImpl.java:166):166
	at railo.runtime.type.UDFImpl._call(UDFImpl.java:319):319
	at railo.runtime.type.UDFImpl.call(UDFImpl.java:284):284
	at railo.runtime.util.VariableUtilImpl.callFunctionWithoutNamedValues(VariableUtilImpl.java:622):622
	at railo.runtime.PageContextImpl.getFunction(PageContextImpl.java:1259):1259
	at coldbox.samples.applications.coldboxreader.application_cfc$cf.udfCall(/Users/lmajano/Documents/MyDevelopment/cboxdev/samples/coldbox/samples/applications/ColdBoxReader/Application.cfc:51):51
	at railo.runtime.type.UDFImpl.implementation(UDFImpl.java:166):166
	at railo.runtime.type.UDFImpl._call(UDFImpl.java:319):319
	at railo.runtime.type.UDFImpl.call(UDFImpl.java:284):284
	at railo.runtime.ComponentImpl._call(ComponentImpl.java:385):385
	at railo.runtime.ComponentImpl._call(ComponentImpl.java:332):332
	at railo.runtime.ComponentImpl.call(ComponentImpl.java:1486):1486
	at railo.runtime.listener.ModernAppListener.call(ModernAppListener.java:282):282
	at railo.runtime.listener.ModernAppListener._onRequest(ModernAppListener.java:102):102
	at railo.runtime.listener.MixedAppListener.onRequest(MixedAppListener.java:23):23
	at railo.runtime.PageContextImpl.execute(PageContextImpl.java:1679):1679
	at railo.runtime.engine.CFMLEngineImpl.serviceCFML(CFMLEngineImpl.java:248):248
	at railo.loader.servlet.CFMLServlet.service(CFMLServlet.java:32):32
	at javax.servlet.http.HttpServlet.service(HttpServlet.java:91):91
	at com.caucho.server.dispatch.ServletFilterChain.doFilter(ServletFilterChain.java:103):103
	at com.caucho.server.webapp.WebAppFilterChain.doFilter(WebAppFilterChain.java:175):175
	at com.caucho.server.dispatch.ServletInvocation.service(ServletInvocation.java:240):240
	at com.caucho.server.hmux.HmuxRequest.handleRequest(HmuxRequest.java:424):424
	at com.caucho.server.port.TcpConnection.run(TcpConnection.java:481):481
	at com.caucho.util.ThreadPool$Item.runTasks(ThreadPool.java:685):685
	at com.caucho.util.ThreadPool$Item.run(ThreadPool.java:607):607
	at java.lang.Thread.run(Thread.java:613):613
CFTagContext=ID: ??; LINE: 420; TEMPLATE: /Users/lmajano/Documents/MyDevelopment/cboxdev/core/coldbox/system/FrameworkSupertype.cfc ID: ??; LINE: 113; TEMPLATE: /Users/lmajano/Documents/MyDevelopment/cboxdev/core/coldbox/system/interceptors/Autowire.cfc ID: ??; LINE: 80; TEMPLATE: /Users/lmajano/Documents/MyDevelopment/cboxdev/core/coldbox/system/interceptors/Autowire.cfc ID: ??; LINE: 142; TEMPLATE: /Users/lmajano/Documents/MyDevelopment/cboxdev/core/coldbox/system/beans/InterceptorState.cfc ID: ??; LINE: 99; TEMPLATE: /Users/lmajano/Documents/MyDevelopment/cboxdev/core/coldbox/system/beans/InterceptorState.cfc ID: ??; LINE: 95; TEMPLATE: /Users/lmajano/Documents/MyDevelopment/cboxdev/core/coldbox/system/services/InterceptorService.cfc ID: ??; LINE: 55; TEMPLATE: /Users/lmajano/Documents/MyDevelopment/cboxdev/core/coldbox/system/services/HandlerService.cfc ID: ??; LINE: 103; TEMPLATE: /Users/lmajano/Documents/MyDevelopment/cboxdev/core/coldbox/system/services/HandlerService.cfc ID: ??; LINE: 438; TEMPLATE: /Users/lmajano/Documents/MyDevelopment/cboxdev/core/coldbox/system/Controller.cfc ID: ??; LINE: 52; TEMPLATE: /Users/lmajano/Documents/MyDevelopment/cboxdev/core/coldbox/system/services/ExceptionService.cfc ID: ??; LINE: 256; TEMPLATE: /Users/lmajano/Documents/MyDevelopment/cboxdev/core/coldbox/system/Coldbox.cfc ID: ??; LINE: 51; TEMPLATE: /Users/lmajano/Documents/MyDevelopment/cboxdev/samples/coldbox/samples/applications/ColdBoxReader/Application.cfc"
"ERROR","coldboxfile","08/08/2009","10:38:55","ColdBoxReader","Error autowiring coldbox.samples.applications.ColdBoxReader.handlers.main. invalid component definition, can't find coldbox.system.extras.ColdboxFactory"
"ERROR","coldboxfile","08/08/2009","10:38:55","ColdBoxReader","Error autowiring coldbox.samples.applications.ColdBoxReader.handlers.main. invalid component definition, can't find coldbox.system.extras.ColdboxFactory"
"ERROR","coldboxfile","08/08/2009","10:38:55","ColdBoxReader","Error Running Custom Exception handler ExtraInfo:CFErrorType=Autowire.AutowireExceptionCFDetails=invalid component definition, can't find coldbox.system.extras.ColdboxFactory
	at railo.runtime.component.ComponentLoader.loadComponentImpl(ComponentLoader.java:47):47
	at railo.runtime.PageContextImpl.loadComponent(PageContextImpl.java:2308):2308
	at railo.runtime.functions.other.CreateObject.doComponent(CreateObject.java:111):111
	at railo.runtime.functions.other.CreateObject.call(CreateObject.java:49):49
	at railo.runtime.functions.other.CreateObject.call(CreateObject.java:29):29
	at coldbox.system.extras.lightwire.lightwire_cfc$cf.udfCall2(/Users/lmajano/Documents/MyDevelopment/cboxdev/core/coldbox/system/extras/lightwire/LightWire.cfc:253):253
	at coldbox.system.extras.lightwire.lightwire_cfc$cf.udfCall(/Users/lmajano/Documents/MyDevelopment/cboxdev/core/coldbox/system/extras/lightwire/LightWire.cfc):-1
	at railo.runtime.type.UDFImpl.implementation(UDFImpl.java:166):166
	at railo.runtime.type.UDFImpl._call(UDFImpl.java:319):319
	at railo.runtime.type.UDFImpl.call(UDFImpl.java:284):284
	at railo.runtime.util.VariableUtilImpl.callFunctionWithoutNamedValues(VariableUtilImpl.java:622):622
	at railo.runtime.PageContextImpl.getFunction(PageContextImpl.java:1259):1259
	at coldbox.system.extras.lightwire.lightwire_cfc$cf.udfCall2(/Users/lmajano/Documents/MyDevelopment/cboxdev/core/coldbox/system/extras/lightwire/LightWire.cfc:192):192
	at coldbox.system.extras.lightwire.lightwire_cfc$cf.udfCall(/Users/lmajano/Documents/MyDevelopment/cboxdev/core/coldbox/system/extras/lightwire/LightWire.cfc):-1
	at railo.runtime.type.UDFImpl.implementation(UDFImpl.java:166):166
	at railo.runtime.type.UDFImpl._call(UDFImpl.java:319):319
	at railo.runtime.type.UDFImpl.call(UDFImpl.java:284):284
	at railo.runtime.util.VariableUtilImpl.callFunctionWithoutNamedValues(VariableUtilImpl.java:622):622
	at railo.runtime.PageContextImpl.getFunction(PageContextImpl.java:1259):1259
	at coldbox.system.extras.lightwire.lightwire_cfc$cf.udfCall1(/Users/lmajano/Documents/MyDevelopment/cboxdev/core/coldbox/system/extras/lightwire/LightWire.cfc:117):117
	at coldbox.system.extras.lightwire.lightwire_cfc$cf.udfCall(/Users/lmajano/Documents/MyDevelopment/cboxdev/core/coldbox/system/extras/lightwire/LightWire.cfc):-1
	at railo.runtime.type.UDFImpl.implementation(UDFImpl.java:166):166
	at railo.runtime.type.UDFImpl._call(UDFImpl.java:319):319
	at railo.runtime.type.UDFImpl.call(UDFImpl.java:284):284
	at railo.runtime.util.VariableUtilImpl.callFunctionWithoutNamedValues(VariableUtilImpl.java:622):622
	at railo.runtime.PageContextImpl.getFunction(PageContextImpl.java:1259):1259
	at coldbox.system.extras.lightwire.lightwire_cfc$cf.udfCall2(/Users/lmajano/Documents/MyDevelopment/cboxdev/core/coldbox/system/extras/lightwire/LightWire.cfc:269):269
	at coldbox.system.extras.lightwire.lightwire_cfc$cf.udfCall(/Users/lmajano/Documents/MyDevelopment/cboxdev/core/coldbox/system/extras/lightwire/LightWire.cfc):-1
	at railo.runtime.type.UDFImpl.implementation(UDFImpl.java:166):166
	at railo.runtime.type.UDFImpl._call(UDFImpl.java:319):319
	at railo.runtime.type.UDFImpl.call(UDFImpl.java:284):284
	at railo.runtime.util.VariableUtilImpl.callFunctionWithoutNamedValues(VariableUtilImpl.java:622):622
	at railo.runtime.PageContextImpl.getFunction(PageContextImpl.java:1259):1259
	at coldbox.system.extras.lightwire.lightwire_cfc$cf.udfCall2(/Users/lmajano/Documents/MyDevelopment/cboxdev/core/coldbox/system/extras/lightwire/LightWire.cfc:192):192
	at coldbox.system.extras.lightwire.lightwire_cfc$cf.udfCall(/Users/lmajano/Documents/MyDevelopment/cboxdev/core/coldbox/system/extras/lightwire/LightWire.cfc):-1
	at railo.runtime.type.UDFImpl.implementation(UDFImpl.java:166):166
	at railo.runtime.type.UDFImpl._call(UDFImpl.java:319):319
	at railo.runtime.type.UDFImpl.call(UDFImpl.java:284):284
	at railo.runtime.util.VariableUtilImpl.callFunctionWithoutNamedValues(VariableUtilImpl.java:622):622
	at railo.runtime.PageContextImpl.getFunction(PageContextImpl.java:1259):1259
	at coldbox.system.extras.lightwire.lightwire_cfc$cf.udfCall1(/Users/lmajano/Documents/MyDevelopment/cboxdev/core/coldbox/system/extras/lightwire/LightWire.cfc:117):117
	at coldbox.system.extras.lightwire.lightwire_cfc$cf.udfCall(/Users/lmajano/Documents/MyDevelopment/cboxdev/core/coldbox/system/extras/lightwire/LightWire.cfc):-1
	at railo.runtime.type.UDFImpl.implementation(UDFImpl.java:166):166
	at railo.runtime.type.UDFImpl._call(UDFImpl.java:319):319
	at railo.runtime.type.UDFImpl.call(UDFImpl.java:284):284
	at railo.runtime.util.VariableUtilImpl.callFunctionWithoutNamedValues(VariableUtilImpl.java:622):622
	at railo.runtime.PageContextImpl.getFunction(PageContextImpl.java:1259):1259
	at coldbox.system.extras.lightwire.lightwire_cfc$cf.udfCall1(/Users/lmajano/Documents/MyDevelopment/cboxdev/core/coldbox/system/extras/lightwire/LightWire.cfc:79):79
	at coldbox.system.extras.lightwire.lightwire_cfc$cf.udfCall(/Users/lmajano/Documents/MyDevelopment/cboxdev/core/coldbox/system/extras/lightwire/LightWire.cfc):-1
	at railo.runtime.type.UDFImpl.implementation(UDFImpl.java:166):166
	at railo.runtime.type.UDFImpl._call(UDFImpl.java:319):319
	at railo.runtime.type.UDFImpl.call(UDFImpl.java:284):284
	at railo.runtime.util.VariableUtilImpl.callFunctionWithoutNamedValues(VariableUtilImpl.java:622):622
	at railo.runtime.PageContextImpl.getFunction(PageContextImpl.java:1259):1259
	at coldbox.system.extras.lightwire.lightwire_cfc$cf.udfCall2(/Users/lmajano/Documents/MyDevelopment/cboxdev/core/coldbox/system/extras/lightwire/LightWire.cfc:241):241
	at coldbox.system.extras.lightwire.lightwire_cfc$cf.udfCall(/Users/lmajano/Documents/MyDevelopment/cboxdev/core/coldbox/system/extras/lightwire/LightWire.cfc):-1
	at railo.runtime.type.UDFImpl.implementation(UDFImpl.java:166):166
	at railo.runtime.type.UDFImpl._call(UDFImpl.java:319):319
	at railo.runtime.type.UDFImpl.call(UDFImpl.java:284):284
	at railo.runtime.util.VariableUtilImpl.callFunctionWithoutNamedValues(VariableUtilImpl.java:622):622
	at railo.runtime.PageContextImpl.getFunction(PageContextImpl.java:1259):1259
	at coldbox.system.extras.lightwire.lightwire_cfc$cf.udfCall2(/Users/lmajano/Documents/MyDevelopment/cboxdev/core/coldbox/system/extras/lightwire/LightWire.cfc:192):192
	at coldbox.system.extras.lightwire.lightwire_cfc$cf.udfCall(/Users/lmajano/Documents/MyDevelopment/cboxdev/core/coldbox/system/extras/lightwire/LightWire.cfc):-1
	at railo.runtime.type.UDFImpl.implementation(UDFImpl.java:166):166
	at railo.runtime.type.UDFImpl._call(UDFImpl.java:319):319
	at railo.runtime.type.UDFImpl.call(UDFImpl.java:284):284
	at railo.runtime.util.VariableUtilImpl.callFunctionWithoutNamedValues(VariableUtilImpl.java:622):622
	at railo.runtime.PageContextImpl.getFunction(PageContextImpl.java:1259):1259
	at coldbox.system.extras.lightwire.lightwire_cfc$cf.udfCall1(/Users/lmajano/Documents/MyDevelopment/cboxdev/core/coldbox/system/extras/lightwire/LightWire.cfc:138):138
	at coldbox.system.extras.lightwire.lightwire_cfc$cf.udfCall(/Users/lmajano/Documents/MyDevelopment/cboxdev/core/coldbox/system/extras/lightwire/LightWire.cfc):-1
	at railo.runtime.type.UDFImpl.implementation(UDFImpl.java:166):166
	at railo.runtime.type.UDFImpl._call(UDFImpl.java:319):319
	at railo.runtime.type.UDFImpl.call(UDFImpl.java:284):284
	at railo.runtime.util.VariableUtilImpl.callFunctionWithoutNamedValues(VariableUtilImpl.java:622):622
	at railo.runtime.PageContextImpl.getFunction(PageContextImpl.java:1259):1259
	at coldbox.system.extras.lightwire.lightwire_cfc$cf.udfCall1(/Users/lmajano/Documents/MyDevelopment/cboxdev/core/coldbox/system/extras/lightwire/LightWire.cfc:82):82
	at coldbox.system.extras.lightwire.lightwire_cfc$cf.udfCall(/Users/lmajano/Documents/MyDevelopment/cboxdev/core/coldbox/system/extras/lightwire/LightWire.cfc):-1
	at railo.runtime.type.UDFImpl.implementation(UDFImpl.java:166):166
	at railo.runtime.type.UDFImpl._call(UDFImpl.java:319):319
	at railo.runtime.type.UDFImpl.call(UDFImpl.java:284):284
	at railo.runtime.util.VariableUtilImpl.callFunctionWithoutNamedValues(VariableUtilImpl.java:622):622
	at railo.runtime.PageContextImpl.getFunction(PageContextImpl.java:1259):1259
	at coldbox.system.extras.lightwire.lightwire_cfc$cf.udfCall2(/Users/lmajano/Documents/MyDevelopment/cboxdev/core/coldbox/system/extras/lightwire/LightWire.cfc:241):241
	at coldbox.system.extras.lightwire.lightwire_cfc$cf.udfCall(/Users/lmajano/Documents/MyDevelopment/cboxdev/core/coldbox/system/extras/lightwire/LightWire.cfc):-1
	at railo.runtime.type.UDFImpl.implementation(UDFImpl.java:166):166
	at railo.runtime.type.UDFImpl._call(UDFImpl.java:319):319
	at railo.runtime.type.UDFImpl.call(UDFImpl.java:284):284
	at railo.runtime.util.VariableUtilImpl.callFunctionWithoutNamedValues(VariableUtilImpl.java:622):622
	at railo.runtime.PageContextImpl.getFunction(PageContextImpl.java:1259):1259
	at coldbox.system.extras.lightwire.lightwire_cfc$cf.udfCall2(/Users/lmajano/Documents/MyDevelopment/cboxdev/core/coldbox/system/extras/lightwire/LightWire.cfc:192):192
	at coldbox.system.extras.lightwire.lightwire_cfc$cf.udfCall(/Users/lmajano/Documents/MyDevelopment/cboxdev/core/coldbox/system/extras/lightwire/LightWire.cfc):-1
	at railo.runtime.type.UDFImpl.implementation(UDFImpl.java:166):166
	at railo.runtime.type.UDFImpl._call(UDFImpl.java:319):319
	at railo.runtime.type.UDFImpl.call(UDFImpl.java:284):284
	at railo.runtime.util.VariableUtilImpl.callFunctionWithoutNamedValues(VariableUtilImpl.java:622):622
	at railo.runtime.PageContextImpl.getFunction(PageContextImpl.java:1259):1259
	at coldbox.system.extras.lightwire.lightwire_cfc$cf.udfCall1(/Users/lmajano/Documents/MyDevelopment/cboxdev/core/coldbox/system/extras/lightwire/LightWire.cfc:117):117
	at coldbox.system.extras.lightwire.lightwire_cfc$cf.udfCall(/Users/lmajano/Documents/MyDevelopment/cboxdev/core/coldbox/system/extras/lightwire/LightWire.cfc):-1
	at railo.runtime.type.UDFImpl.implementation(UDFImpl.java:166):166
	at railo.runtime.type.UDFImpl._call(UDFImpl.java:319):319
	at railo.runtime.type.UDFImpl.call(UDFImpl.java:284):284
	at railo.runtime.util.VariableUtilImpl.callFunctionWithoutNamedValues(VariableUtilImpl.java:622):622
	at railo.runtime.PageContextImpl.getFunction(PageContextImpl.java:1259):1259
	at coldbox.system.extras.lightwire.lightwire_cfc$cf.udfCall1(/Users/lmajano/Documents/MyDevelopment/cboxdev/core/coldbox/system/extras/lightwire/LightWire.cfc:79):79
	at coldbox.system.extras.lightwire.lightwire_cfc$cf.udfCall(/Users/lmajano/Documents/MyDevelopment/cboxdev/core/coldbox/system/extras/lightwire/LightWire.cfc):-1
	at railo.runtime.type.UDFImpl.implementation(UDFImpl.java:166):166
	at railo.runtime.type.UDFImpl._call(UDFImpl.java:319):319
	at railo.runtime.type.UDFImpl.call(UDFImpl.java:284):284
	at railo.runtime.ComponentImpl._call(ComponentImpl.java:385):385
	at railo.runtime.ComponentImpl._call(ComponentImpl.java:332):332
	at railo.runtime.ComponentImpl.call(ComponentImpl.java:1486):1486
	at railo.runtime.util.VariableUtilImpl.callFunctionWithoutNamedValues(VariableUtilImpl.java:617):617
	at railo.runtime.PageContextImpl.getFunction(PageContextImpl.java:1259):1259
	at coldbox.system.plugins.ioc_cfc$cf.udfCall1(/Users/lmajano/Documents/MyDevelopment/cboxdev/core/coldbox/system/plugins/IOC.cfc:121):121
	at coldbox.system.plugins.ioc_cfc$cf.udfCall(/Users/lmajano/Documents/MyDevelopment/cboxdev/core/coldbox/system/plugins/IOC.cfc):-1
	at railo.runtime.type.UDFImpl.implementation(UDFImpl.java:166):166
	at railo.runtime.type.UDFImpl._call(UDFImpl.java:319):319
	at railo.runtime.type.UDFImpl.call(UDFImpl.java:284):284
	at railo.runtime.ComponentImpl._call(ComponentImpl.java:385):385
	at railo.runtime.ComponentImpl._call(ComponentImpl.java:332):332
	at railo.runtime.ComponentImpl.call(ComponentImpl.java:1486):1486
	at railo.runtime.util.VariableUtilImpl.callFunctionWithoutNamedValues(VariableUtilImpl.java:617):617
	at railo.runtime.PageContextImpl.getFunction(PageContextImpl.java:1259):1259
	at coldbox.system.plugins.beanfactory_cfc$cf.udfCall3(/Users/lmajano/Documents/MyDevelopment/cboxdev/core/coldbox/system/plugins/BeanFactory.cfc:873):873
	at coldbox.system.plugins.beanfactory_cfc$cf.udfCall(/Users/lmajano/Documents/MyDevelopment/cboxdev/core/coldbox/system/plugins/BeanFactory.cfc):-1
	at railo.runtime.type.UDFImpl.implementation(UDFImpl.java:166):166
	at railo.runtime.type.UDFImpl._call(UDFImpl.java:319):319
	at railo.runtime.type.UDFImpl.call(UDFImpl.java:284):284
	at railo.runtime.util.VariableUtilImpl.callFunctionWithoutNamedValues(VariableUtilImpl.java:622):622
	at railo.runtime.PageContextImpl.getFunction(PageContextImpl.java:1259):1259
	at coldbox.system.plugins.beanfactory_cfc$cf.udfCall2(/Users/lmajano/Documents/MyDevelopment/cboxdev/core/coldbox/system/plugins/BeanFactory.cfc:671):671
	at coldbox.system.plugins.beanfactory_cfc$cf.udfCall(/Users/lmajano/Documents/MyDevelopment/cboxdev/core/coldbox/system/plugins/BeanFactory.cfc):-1
	at railo.runtime.type.UDFImpl.implementation(UDFImpl.java:166):166
	at railo.runtime.type.UDFImpl._call(UDFImpl.java:319):319
	at railo.runtime.type.UDFImpl.callWithNamedValues(UDFImpl.java:277):277
	at railo.runtime.util.VariableUtilImpl.callFunctionWithNamedValues(VariableUtilImpl.java:656):656
	at railo.runtime.PageContextImpl.getFunctionWithNamedValues(PageContextImpl.java:1274):1274
	at coldbox.system.plugins.beanfactory_cfc$cf.udfCall2(/Users/lmajano/Documents/MyDevelopment/cboxdev/core/coldbox/system/plugins/BeanFactory.cfc:583):583
	at coldbox.system.plugins.beanfactory_cfc$cf.udfCall(/Users/lmajano/Documents/MyDevelopment/cboxdev/core/coldbox/system/plugins/BeanFactory.cfc):-1
	at railo.runtime.type.UDFImpl.implementation(UDFImpl.java:166):166
	at railo.runtime.type.UDFImpl._call(UDFImpl.java:319):319
	at railo.runtime.type.UDFImpl.callWithNamedValues(UDFImpl.java:277):277
	at railo.runtime.ComponentImpl._call(ComponentImpl.java:386):386
	at railo.runtime.ComponentImpl._call(ComponentImpl.java:332):332
	at railo.runtime.ComponentImpl.callWithNamedValues(ComponentImpl.java:1505):1505
	at railo.runtime.util.VariableUtilImpl.callFunctionWithNamedValues(VariableUtilImpl.java:651):651
	at railo.runtime.PageContextImpl.getFunctionWithNamedValues(PageContextImpl.java:1274):1274
	at coldbox.system.interceptors.Autowire_cfc$cf.udfCall(/Users/lmajano/Documents/MyDevelopment/cboxdev/core/coldbox/system/interceptors/Autowire.cfc:109):109
	at railo.runtime.type.UDFImpl.implementation(UDFImpl.java:166):166
	at railo.runtime.type.UDFImpl._call(UDFImpl.java:319):319
	at railo.runtime.type.UDFImpl.call(UDFImpl.java:284):284
	at railo.runtime.util.VariableUtilImpl.callFunctionWithoutNamedValues(VariableUtilImpl.java:622):622
	at railo.runtime.PageContextImpl.getFunction(PageContextImpl.java:1259):1259
	at coldbox.system.interceptors.Autowire_cfc$cf.udfCall(/Users/lmajano/Documents/MyDevelopment/cboxdev/core/coldbox/system/interceptors/Autowire.cfc:80):80
	at railo.runtime.type.UDFImpl.implementation(UDFImpl.java:166):166
	at railo.runtime.type.UDFImpl._call(UDFImpl.java:319):319
	at railo.runtime.type.UDFImpl.callWithNamedValues(UDFImpl.java:277):277
	at railo.runtime.ComponentImpl._call(ComponentImpl.java:386):386
	at railo.runtime.ComponentImpl._call(ComponentImpl.java:332):332
	at railo.runtime.ComponentImpl.callWithNamedValues(ComponentImpl.java:1501):1501
	at railo.runtime.tag.Invoke.doComponent(Invoke.java:242):242
	at railo.runtime.tag.Invoke.doEndTag(Invoke.java:194):194
	at coldbox.system.beans.interceptorstate_cfc$cf.udfCall2(/Users/lmajano/Documents/MyDevelopment/cboxdev/core/coldbox/system/beans/InterceptorState.cfc:142):142
	at coldbox.system.beans.interceptorstate_cfc$cf.udfCall(/Users/lmajano/Documents/MyDevelopment/cboxdev/core/coldbox/system/beans/InterceptorState.cfc):-1
	at railo.runtime.type.UDFImpl.implementation(UDFImpl.java:166):166
	at railo.runtime.type.UDFImpl._call(UDFImpl.java:319):319
	at railo.runtime.type.UDFImpl.call(UDFImpl.java:284):284
	at railo.runtime.util.VariableUtilImpl.callFunctionWithoutNamedValues(VariableUtilImpl.java:622):622
	at railo.runtime.PageContextImpl.getFunction(PageContextImpl.java:1259):1259
	at coldbox.system.beans.interceptorstate_cfc$cf.udfCall1(/Users/lmajano/Documents/MyDevelopment/cboxdev/core/coldbox/system/beans/InterceptorState.cfc:99):99
	at coldbox.system.beans.interceptorstate_cfc$cf.udfCall(/Users/lmajano/Documents/MyDevelopment/cboxdev/core/coldbox/system/beans/InterceptorState.cfc):-1
	at railo.runtime.type.UDFImpl.implementation(UDFImpl.java:166):166
	at railo.runtime.type.UDFImpl._call(UDFImpl.java:319):319
	at railo.runtime.type.UDFImpl.call(UDFImpl.java:284):284
	at railo.runtime.ComponentImpl._call(ComponentImpl.java:385):385
	at railo.runtime.ComponentImpl._call(ComponentImpl.java:332):332
	at railo.runtime.ComponentImpl.call(ComponentImpl.java:1486):1486
	at railo.runtime.util.VariableUtilImpl.callFunctionWithoutNamedValues(VariableUtilImpl.java:617):617
	at railo.runtime.PageContextImpl.getFunction(PageContextImpl.java:1259):1259
	at coldbox.system.services.interceptorservice_cfc$cf.udfCall1(/Users/lmajano/Documents/MyDevelopment/cboxdev/core/coldbox/system/services/InterceptorService.cfc:95):95
	at coldbox.system.services.interceptorservice_cfc$cf.udfCall(/Users/lmajano/Documents/MyDevelopment/cboxdev/core/coldbox/system/services/InterceptorService.cfc):-1
	at railo.runtime.type.UDFImpl.implementation(UDFImpl.java:166):166
	at railo.runtime.type.UDFImpl._call(UDFImpl.java:319):319
	at railo.runtime.type.UDFImpl.call(UDFImpl.java:284):284
	at railo.runtime.ComponentImpl._call(ComponentImpl.java:385):385
	at railo.runtime.ComponentImpl._call(ComponentImpl.java:332):332
	at railo.runtime.ComponentImpl.call(ComponentImpl.java:1486):1486
	at railo.runtime.util.VariableUtilImpl.callFunctionWithoutNamedValues(VariableUtilImpl.java:617):617
	at railo.runtime.PageContextImpl.getFunction(PageContextImpl.java:1259):1259
	at coldbox.system.services.handlerservice_cfc$cf.udfCall1(/Users/lmajano/Documents/MyDevelopment/cboxdev/core/coldbox/system/services/HandlerService.cfc:55):55
	at coldbox.system.services.handlerservice_cfc$cf.udfCall(/Users/lmajano/Documents/MyDevelopment/cboxdev/core/coldbox/system/services/HandlerService.cfc):-1
	at railo.runtime.type.UDFImpl.implementation(UDFImpl.java:166):166
	at railo.runtime.type.UDFImpl._call(UDFImpl.java:319):319
	at railo.runtime.type.UDFImpl.call(UDFImpl.java:284):284
	at railo.runtime.util.VariableUtilImpl.callFunctionWithoutNamedValues(VariableUtilImpl.java:622):622
	at railo.runtime.PageContextImpl.getFunction(PageContextImpl.java:1259):1259
	at coldbox.system.services.handlerservice_cfc$cf.udfCall1(/Users/lmajano/Documents/MyDevelopment/cboxdev/core/coldbox/system/services/HandlerService.cfc:103):103
	at coldbox.system.services.handlerservice_cfc$cf.udfCall(/Users/lmajano/Documents/MyDevelopment/cboxdev/core/coldbox/system/services/HandlerService.cfc):-1
	at railo.runtime.type.UDFImpl.implementation(UDFImpl.java:166):166
	at railo.runtime.type.UDFImpl._call(UDFImpl.java:319):319
	at railo.runtime.type.UDFImpl.call(UDFImpl.java:284):284
	at railo.runtime.ComponentImpl._call(ComponentImpl.java:385):385
	at railo.runtime.ComponentImpl._call(ComponentImpl.java:332):332
	at railo.runtime.ComponentImpl.call(ComponentImpl.java:1486):1486
	at railo.runtime.util.VariableUtilImpl.callFunctionWithoutNamedValues(VariableUtilImpl.java:617):617
	at railo.runtime.PageContextImpl.getFunction(PageContextImpl.java:1259):1259
	at coldbox.system.controller_cfc$cf.udfCall5(/Users/lmajano/Documents/MyDevelopment/cboxdev/core/coldbox/system/Controller.cfc:438):438
	at coldbox.system.controller_cfc$cf.udfCall(/Users/lmajano/Documents/MyDevelopment/cboxdev/core/coldbox/system/Controller.cfc):-1
	at railo.runtime.type.UDFImpl.implementation(UDFImpl.java:166):166
	at railo.runtime.type.UDFImpl._call(UDFImpl.java:319):319
	at railo.runtime.type.UDFImpl.call(UDFImpl.java:284):284
	at railo.runtime.ComponentImpl._call(ComponentImpl.java:385):385
	at railo.runtime.ComponentImpl._call(ComponentImpl.java:332):332
	at railo.runtime.ComponentImpl.call(ComponentImpl.java:1486):1486
	at railo.runtime.util.VariableUtilImpl.callFunctionWithoutNamedValues(VariableUtilImpl.java:617):617
	at railo.runtime.PageContextImpl.getFunction(PageContextImpl.java:1259):1259
	at coldbox.system.services.exceptionservice_cfc$cf.udfCall(/Users/lmajano/Documents/MyDevelopment/cboxdev/core/coldbox/system/services/ExceptionService.cfc:52):52
	at railo.runtime.type.UDFImpl.implementation(UDFImpl.java:166):166
	at railo.runtime.type.UDFImpl._call(UDFImpl.java:319):319
	at railo.runtime.type.UDFImpl.call(UDFImpl.java:284):284
	at railo.runtime.ComponentImpl._call(ComponentImpl.java:385):385
	at railo.runtime.ComponentImpl._call(ComponentImpl.java:332):332
	at railo.runtime.ComponentImpl.call(ComponentImpl.java:1486):1486
	at railo.runtime.util.VariableUtilImpl.callFunctionWithoutNamedValues(VariableUtilImpl.java:617):617
	at railo.runtime.PageContextImpl.getFunction(PageContextImpl.java:1259):1259
	at coldbox.system.Coldbox_cfc$cf.udfCall1(/Users/lmajano/Documents/MyDevelopment/cboxdev/core/coldbox/system/Coldbox.cfc:256):256
	at coldbox.system.Coldbox_cfc$cf.udfCall(/Users/lmajano/Documents/MyDevelopment/cboxdev/core/coldbox/system/Coldbox.cfc):-1
	at railo.runtime.type.UDFImpl.implementation(UDFImpl.java:166):166
	at railo.runtime.type.UDFImpl._call(UDFImpl.java:319):319
	at railo.runtime.type.UDFImpl.call(UDFImpl.java:284):284
	at railo.runtime.util.VariableUtilImpl.callFunctionWithoutNamedValues(VariableUtilImpl.java:622):622
	at railo.runtime.PageContextImpl.getFunction(PageContextImpl.java:1259):1259
	at coldbox.samples.applications.coldboxreader.application_cfc$cf.udfCall(/Users/lmajano/Documents/MyDevelopment/cboxdev/samples/coldbox/samples/applications/ColdBoxReader/Application.cfc:51):51
	at railo.runtime.type.UDFImpl.implementation(UDFImpl.java:166):166
	at railo.runtime.type.UDFImpl._call(UDFImpl.java:319):319
	at railo.runtime.type.UDFImpl.call(UDFImpl.java:284):284
	at railo.runtime.ComponentImpl._call(ComponentImpl.java:385):385
	at railo.runtime.ComponentImpl._call(ComponentImpl.java:332):332
	at railo.runtime.ComponentImpl.call(ComponentImpl.java:1486):1486
	at railo.runtime.listener.ModernAppListener.call(ModernAppListener.java:282):282
	at railo.runtime.listener.ModernAppListener._onRequest(ModernAppListener.java:102):102
	at railo.runtime.listener.MixedAppListener.onRequest(MixedAppListener.java:23):23
	at railo.runtime.PageContextImpl.execute(PageContextImpl.java:1679):1679
	at railo.runtime.engine.CFMLEngineImpl.serviceCFML(CFMLEngineImpl.java:248):248
	at railo.loader.servlet.CFMLServlet.service(CFMLServlet.java:32):32
	at javax.servlet.http.HttpServlet.service(HttpServlet.java:91):91
	at com.caucho.server.dispatch.ServletFilterChain.doFilter(ServletFilterChain.java:103):103
	at com.caucho.server.webapp.WebAppFilterChain.doFilter(WebAppFilterChain.java:175):175
	at com.caucho.server.dispatch.ServletInvocation.service(ServletInvocation.java:240):240
	at com.caucho.server.hmux.HmuxRequest.handleRequest(HmuxRequest.java:424):424
	at com.caucho.server.port.TcpConnection.run(TcpConnection.java:481):481
	at com.caucho.util.ThreadPool$Item.runTasks(ThreadPool.java:685):685
	at com.caucho.util.ThreadPool$Item.run(ThreadPool.java:607):607
	at java.lang.Thread.run(Thread.java:613):613
CFMessage=Error autowiring coldbox.samples.applications.ColdBoxReader.handlers.main. invalid component definition, can't find coldbox.system.extras.ColdboxFactory CFStackTrace=Error autowiring coldbox.samples.applications.ColdBoxReader.handlers.main. invalid component definition, can't find coldbox.system.extras.ColdboxFactory 
	at railo.runtime.tag.Throw.doStartTag(Throw.java:135):135
	at coldbox.system.frameworksupertype_cfc$cf.udfCall4(/Users/lmajano/Documents/MyDevelopment/cboxdev/core/coldbox/system/FrameworkSupertype.cfc:420):420
	at coldbox.system.frameworksupertype_cfc$cf.udfCall(/Users/lmajano/Documents/MyDevelopment/cboxdev/core/coldbox/system/FrameworkSupertype.cfc):-1
	at railo.runtime.type.UDFImpl.implementation(UDFImpl.java:166):166
	at railo.runtime.type.UDFImpl._call(UDFImpl.java:319):319
	at railo.runtime.type.UDFImpl.callWithNamedValues(UDFImpl.java:277):277
	at railo.runtime.util.VariableUtilImpl.callFunctionWithNamedValues(VariableUtilImpl.java:656):656
	at railo.runtime.PageContextImpl.getFunctionWithNamedValues(PageContextImpl.java:1274):1274
	at coldbox.system.interceptors.Autowire_cfc$cf.udfCall(/Users/lmajano/Documents/MyDevelopment/cboxdev/core/coldbox/system/interceptors/Autowire.cfc:113):113
	at railo.runtime.type.UDFImpl.implementation(UDFImpl.java:166):166
	at railo.runtime.type.UDFImpl._call(UDFImpl.java:319):319
	at railo.runtime.type.UDFImpl.call(UDFImpl.java:284):284
	at railo.runtime.util.VariableUtilImpl.callFunctionWithoutNamedValues(VariableUtilImpl.java:622):622
	at railo.runtime.PageContextImpl.getFunction(PageContextImpl.java:1259):1259
	at coldbox.system.interceptors.Autowire_cfc$cf.udfCall(/Users/lmajano/Documents/MyDevelopment/cboxdev/core/coldbox/system/interceptors/Autowire.cfc:80):80
	at railo.runtime.type.UDFImpl.implementation(UDFImpl.java:166):166
	at railo.runtime.type.UDFImpl._call(UDFImpl.java:319):319
	at railo.runtime.type.UDFImpl.callWithNamedValues(UDFImpl.java:277):277
	at railo.runtime.ComponentImpl._call(ComponentImpl.java:386):386
	at railo.runtime.ComponentImpl._call(ComponentImpl.java:332):332
	at railo.runtime.ComponentImpl.callWithNamedValues(ComponentImpl.java:1501):1501
	at railo.runtime.tag.Invoke.doComponent(Invoke.java:242):242
	at railo.runtime.tag.Invoke.doEndTag(Invoke.java:194):194
	at coldbox.system.beans.interceptorstate_cfc$cf.udfCall2(/Users/lmajano/Documents/MyDevelopment/cboxdev/core/coldbox/system/beans/InterceptorState.cfc:142):142
	at coldbox.system.beans.interceptorstate_cfc$cf.udfCall(/Users/lmajano/Documents/MyDevelopment/cboxdev/core/coldbox/system/beans/InterceptorState.cfc):-1
	at railo.runtime.type.UDFImpl.implementation(UDFImpl.java:166):166
	at railo.runtime.type.UDFImpl._call(UDFImpl.java:319):319
	at railo.runtime.type.UDFImpl.call(UDFImpl.java:284):284
	at railo.runtime.util.VariableUtilImpl.callFunctionWithoutNamedValues(VariableUtilImpl.java:622):622
	at railo.runtime.PageContextImpl.getFunction(PageContextImpl.java:1259):1259
	at coldbox.system.beans.interceptorstate_cfc$cf.udfCall1(/Users/lmajano/Documents/MyDevelopment/cboxdev/core/coldbox/system/beans/InterceptorState.cfc:99):99
	at coldbox.system.beans.interceptorstate_cfc$cf.udfCall(/Users/lmajano/Documents/MyDevelopment/cboxdev/core/coldbox/system/beans/InterceptorState.cfc):-1
	at railo.runtime.type.UDFImpl.implementation(UDFImpl.java:166):166
	at railo.runtime.type.UDFImpl._call(UDFImpl.java:319):319
	at railo.runtime.type.UDFImpl.call(UDFImpl.java:284):284
	at railo.runtime.ComponentImpl._call(ComponentImpl.java:385):385
	at railo.runtime.ComponentImpl._call(ComponentImpl.java:332):332
	at railo.runtime.ComponentImpl.call(ComponentImpl.java:1486):1486
	at railo.runtime.util.VariableUtilImpl.callFunctionWithoutNamedValues(VariableUtilImpl.java:617):617
	at railo.runtime.PageContextImpl.getFunction(PageContextImpl.java:1259):1259
	at coldbox.system.services.interceptorservice_cfc$cf.udfCall1(/Users/lmajano/Documents/MyDevelopment/cboxdev/core/coldbox/system/services/InterceptorService.cfc:95):95
	at coldbox.system.services.interceptorservice_cfc$cf.udfCall(/Users/lmajano/Documents/MyDevelopment/cboxdev/core/coldbox/system/services/InterceptorService.cfc):-1
	at railo.runtime.type.UDFImpl.implementation(UDFImpl.java:166):166
	at railo.runtime.type.UDFImpl._call(UDFImpl.java:319):319
	at railo.runtime.type.UDFImpl.call(UDFImpl.java:284):284
	at railo.runtime.ComponentImpl._call(ComponentImpl.java:385):385
	at railo.runtime.ComponentImpl._call(ComponentImpl.java:332):332
	at railo.runtime.ComponentImpl.call(ComponentImpl.java:1486):1486
	at railo.runtime.util.VariableUtilImpl.callFunctionWithoutNamedValues(VariableUtilImpl.java:617):617
	at railo.runtime.PageContextImpl.getFunction(PageContextImpl.java:1259):1259
	at coldbox.system.services.handlerservice_cfc$cf.udfCall1(/Users/lmajano/Documents/MyDevelopment/cboxdev/core/coldbox/system/services/HandlerService.cfc:55):55
	at coldbox.system.services.handlerservice_cfc$cf.udfCall(/Users/lmajano/Documents/MyDevelopment/cboxdev/core/coldbox/system/services/HandlerService.cfc):-1
	at railo.runtime.type.UDFImpl.implementation(UDFImpl.java:166):166
	at railo.runtime.type.UDFImpl._call(UDFImpl.java:319):319
	at railo.runtime.type.UDFImpl.call(UDFImpl.java:284):284
	at railo.runtime.util.VariableUtilImpl.callFunctionWithoutNamedValues(VariableUtilImpl.java:622):622
	at railo.runtime.PageContextImpl.getFunction(PageContextImpl.java:1259):1259
	at coldbox.system.services.handlerservice_cfc$cf.udfCall1(/Users/lmajano/Documents/MyDevelopment/cboxdev/core/coldbox/system/services/HandlerService.cfc:103):103
	at coldbox.system.services.handlerservice_cfc$cf.udfCall(/Users/lmajano/Documents/MyDevelopment/cboxdev/core/coldbox/system/services/HandlerService.cfc):-1
	at railo.runtime.type.UDFImpl.implementation(UDFImpl.java:166):166
	at railo.runtime.type.UDFImpl._call(UDFImpl.java:319):319
	at railo.runtime.type.UDFImpl.call(UDFImpl.java:284):284
	at railo.runtime.ComponentImpl._call(ComponentImpl.java:385):385
	at railo.runtime.ComponentImpl._call(ComponentImpl.java:332):332
	at railo.runtime.ComponentImpl.call(ComponentImpl.java:1486):1486
	at railo.runtime.util.VariableUtilImpl.callFunctionWithoutNamedValues(VariableUtilImpl.java:617):617
	at railo.runtime.PageContextImpl.getFunction(PageContextImpl.java:1259):1259
	at coldbox.system.controller_cfc$cf.udfCall5(/Users/lmajano/Documents/MyDevelopment/cboxdev/core/coldbox/system/Controller.cfc:438):438
	at coldbox.system.controller_cfc$cf.udfCall(/Users/lmajano/Documents/MyDevelopment/cboxdev/core/coldbox/system/Controller.cfc):-1
	at railo.runtime.type.UDFImpl.implementation(UDFImpl.java:166):166
	at railo.runtime.type.UDFImpl._call(UDFImpl.java:319):319
	at railo.runtime.type.UDFImpl.call(UDFImpl.java:284):284
	at railo.runtime.ComponentImpl._call(ComponentImpl.java:385):385
	at railo.runtime.ComponentImpl._call(ComponentImpl.java:332):332
	at railo.runtime.ComponentImpl.call(ComponentImpl.java:1486):1486
	at railo.runtime.util.VariableUtilImpl.callFunctionWithoutNamedValues(VariableUtilImpl.java:617):617
	at railo.runtime.PageContextImpl.getFunction(PageContextImpl.java:1259):1259
	at coldbox.system.services.exceptionservice_cfc$cf.udfCall(/Users/lmajano/Documents/MyDevelopment/cboxdev/core/coldbox/system/services/ExceptionService.cfc:52):52
	at railo.runtime.type.UDFImpl.implementation(UDFImpl.java:166):166
	at railo.runtime.type.UDFImpl._call(UDFImpl.java:319):319
	at railo.runtime.type.UDFImpl.call(UDFImpl.java:284):284
	at railo.runtime.ComponentImpl._call(ComponentImpl.java:385):385
	at railo.runtime.ComponentImpl._call(ComponentImpl.java:332):332
	at railo.runtime.ComponentImpl.call(ComponentImpl.java:1486):1486
	at railo.runtime.util.VariableUtilImpl.callFunctionWithoutNamedValues(VariableUtilImpl.java:617):617
	at railo.runtime.PageContextImpl.getFunction(PageContextImpl.java:1259):1259
	at coldbox.system.Coldbox_cfc$cf.udfCall1(/Users/lmajano/Documents/MyDevelopment/cboxdev/core/coldbox/system/Coldbox.cfc:256):256
	at coldbox.system.Coldbox_cfc$cf.udfCall(/Users/lmajano/Documents/MyDevelopment/cboxdev/core/coldbox/system/Coldbox.cfc):-1
	at railo.runtime.type.UDFImpl.implementation(UDFImpl.java:166):166
	at railo.runtime.type.UDFImpl._call(UDFImpl.java:319):319
	at railo.runtime.type.UDFImpl.call(UDFImpl.java:284):284
	at railo.runtime.util.VariableUtilImpl.callFunctionWithoutNamedValues(VariableUtilImpl.java:622):622
	at railo.runtime.PageContextImpl.getFunction(PageContextImpl.java:1259):1259
	at coldbox.samples.applications.coldboxreader.application_cfc$cf.udfCall(/Users/lmajano/Documents/MyDevelopment/cboxdev/samples/coldbox/samples/applications/ColdBoxReader/Application.cfc:51):51
	at railo.runtime.type.UDFImpl.implementation(UDFImpl.java:166):166
	at railo.runtime.type.UDFImpl._call(UDFImpl.java:319):319
	at railo.runtime.type.UDFImpl.call(UDFImpl.java:284):284
	at railo.runtime.ComponentImpl._call(ComponentImpl.java:385):385
	at railo.runtime.ComponentImpl._call(ComponentImpl.java:332):332
	at railo.runtime.ComponentImpl.call(ComponentImpl.java:1486):1486
	at railo.runtime.listener.ModernAppListener.call(ModernAppListener.java:282):282
	at railo.runtime.listener.ModernAppListener._onRequest(ModernAppListener.java:102):102
	at railo.runtime.listener.MixedAppListener.onRequest(MixedAppListener.java:23):23
	at railo.runtime.PageContextImpl.execute(PageContextImpl.java:1679):1679
	at railo.runtime.engine.CFMLEngineImpl.serviceCFML(CFMLEngineImpl.java:248):248
	at railo.loader.servlet.CFMLServlet.service(CFMLServlet.java:32):32
	at javax.servlet.http.HttpServlet.service(HttpServlet.java:91):91
	at com.caucho.server.dispatch.ServletFilterChain.doFilter(ServletFilterChain.java:103):103
	at com.caucho.server.webapp.WebAppFilterChain.doFilter(WebAppFilterChain.java:175):175
	at com.caucho.server.dispatch.ServletInvocation.service(ServletInvocation.java:240):240
	at com.caucho.server.hmux.HmuxRequest.handleRequest(HmuxRequest.java:424):424
	at com.caucho.server.port.TcpConnection.run(TcpConnection.java:481):481
	at com.caucho.util.ThreadPool$Item.runTasks(ThreadPool.java:685):685
	at com.caucho.util.ThreadPool$Item.run(ThreadPool.java:607):607
	at java.lang.Thread.run(Thread.java:613):613
CFTagContext=ID: ??; LINE: 420; TEMPLATE: /Users/lmajano/Documents/MyDevelopment/cboxdev/core/coldbox/system/FrameworkSupertype.cfc ID: ??; LINE: 113; TEMPLATE: /Users/lmajano/Documents/MyDevelopment/cboxdev/core/coldbox/system/interceptors/Autowire.cfc ID: ??; LINE: 80; TEMPLATE: /Users/lmajano/Documents/MyDevelopment/cboxdev/core/coldbox/system/interceptors/Autowire.cfc ID: ??; LINE: 142; TEMPLATE: /Users/lmajano/Documents/MyDevelopment/cboxdev/core/coldbox/system/beans/InterceptorState.cfc ID: ??; LINE: 99; TEMPLATE: /Users/lmajano/Documents/MyDevelopment/cboxdev/core/coldbox/system/beans/InterceptorState.cfc ID: ??; LINE: 95; TEMPLATE: /Users/lmajano/Documents/MyDevelopment/cboxdev/core/coldbox/system/services/InterceptorService.cfc ID: ??; LINE: 55; TEMPLATE: /Users/lmajano/Documents/MyDevelopment/cboxdev/core/coldbox/system/services/HandlerService.cfc ID: ??; LINE: 103; TEMPLATE: /Users/lmajano/Documents/MyDevelopment/cboxdev/core/coldbox/system/services/HandlerService.cfc ID: ??; LINE: 438; TEMPLATE: /Users/lmajano/Documents/MyDevelopment/cboxdev/core/coldbox/system/Controller.cfc ID: ??; LINE: 52; TEMPLATE: /Users/lmajano/Documents/MyDevelopment/cboxdev/core/coldbox/system/services/ExceptionService.cfc ID: ??; LINE: 256; TEMPLATE: /Users/lmajano/Documents/MyDevelopment/cboxdev/core/coldbox/system/Coldbox.cfc ID: ??; LINE: 51; TEMPLATE: /Users/lmajano/Documents/MyDevelopment/cboxdev/samples/coldbox/samples/applications/ColdBoxReader/Application.cfc"
"WARN","coldboxfile","08/08/2009","10:39:00","ColdBoxReader","The BeanFactory definition file cannot be located -> /coldbox/samples/applications/ColdBoxReader/config/ModelMappings.cfm"
"ERROR","coldboxfile","08/08/2009","10:39:02","ColdBoxReader","Application Execution Exception ExtraInfo:CFErrorType=databaseCFMessage=datasource [coldboxreader] doesn't existCFStackTrace=datasource [coldboxreader] doesn't exist
	at railo.runtime.config.ConfigImpl.getDataSource(ConfigImpl.java:2157):2157
	at railo.runtime.db.DatasourceManagerImpl.getConnection(DatasourceManagerImpl.java:45):45
	at railo.runtime.tag.Query.execute(Query.java:410):410
	at railo.runtime.tag.Query.doEndTag(Query.java:341):341
	at coldbox.samples.applications.coldboxreader.components.dao.feed_cfc$cf.udfCall(/Users/lmajano/Documents/MyDevelopment/cboxdev/samples/coldbox/samples/applications/ColdBoxReader/components/dao/feed.cfc:31):31
	at railo.runtime.type.UDFImpl.implementation(UDFImpl.java:166):166
	at railo.runtime.type.UDFImpl._call(UDFImpl.java:319):319
	at railo.runtime.type.UDFImpl.call(UDFImpl.java:284):284
	at railo.runtime.ComponentImpl._call(ComponentImpl.java:385):385
	at railo.runtime.ComponentImpl._call(ComponentImpl.java:332):332
	at railo.runtime.ComponentImpl.call(ComponentImpl.java:1486):1486
	at railo.runtime.util.VariableUtilImpl.callFunctionWithoutNamedValues(VariableUtilImpl.java:617):617
	at railo.runtime.PageContextImpl.getFunction(PageContextImpl.java:1259):1259
	at coldbox.samples.applications.coldboxreader.components.services.feedservice_cfc$cf.udfCall(/Users/lmajano/Documents/MyDevelopment/cboxdev/samples/coldbox/samples/applications/ColdBoxReader/components/services/feedService.cfc:22):22
	at railo.runtime.type.UDFImpl.implementation(UDFImpl.java:166):166
	at railo.runtime.type.UDFImpl._call(UDFImpl.java:319):319
	at railo.runtime.type.UDFImpl.call(UDFImpl.java:284):284
	at railo.runtime.ComponentImpl._call(ComponentImpl.java:385):385
	at railo.runtime.ComponentImpl._call(ComponentImpl.java:332):332
	at railo.runtime.ComponentImpl.call(ComponentImpl.java:1486):1486
	at railo.runtime.util.VariableUtilImpl.callFunctionWithoutNamedValues(VariableUtilImpl.java:617):617
	at railo.runtime.PageContextImpl.getFunction(PageContextImpl.java:1259):1259
	at coldbox.samples.applications.coldboxreader.handlers.general_cfc$cf.udfCall(/Users/lmajano/Documents/MyDevelopment/cboxdev/samples/coldbox/samples/applications/ColdBoxReader/handlers/general.cfc:44):44
	at railo.runtime.type.UDFImpl.implementation(UDFImpl.java:166):166
	at railo.runtime.type.UDFImpl._call(UDFImpl.java:319):319
	at railo.runtime.type.UDFImpl.callWithNamedValues(UDFImpl.java:277):277
	at railo.runtime.ComponentImpl._call(ComponentImpl.java:386):386
	at railo.runtime.ComponentImpl._call(ComponentImpl.java:332):332
	at railo.runtime.ComponentImpl.callWithNamedValues(ComponentImpl.java:1501):1501
	at railo.runtime.tag.Invoke.doComponent(Invoke.java:242):242
	at railo.runtime.tag.Invoke.doEndTag(Invoke.java:194):194
	at coldbox.system.controller_cfc$cf.udfCall5(/Users/lmajano/Documents/MyDevelopment/cboxdev/core/coldbox/system/Controller.cfc:506):506
	at coldbox.system.controller_cfc$cf.udfCall(/Users/lmajano/Documents/MyDevelopment/cboxdev/core/coldbox/system/Controller.cfc):-1
	at railo.runtime.type.UDFImpl.implementation(UDFImpl.java:166):166
	at railo.runtime.type.UDFImpl._call(UDFImpl.java:319):319
	at railo.runtime.type.UDFImpl.callWithNamedValues(UDFImpl.java:277):277
	at railo.runtime.ComponentImpl._call(ComponentImpl.java:386):386
	at railo.runtime.ComponentImpl._call(ComponentImpl.java:332):332
	at railo.runtime.ComponentImpl.callWithNamedValues(ComponentImpl.java:1505):1505
	at railo.runtime.util.VariableUtilImpl.callFunctionWithNamedValues(VariableUtilImpl.java:651):651
	at railo.runtime.PageContextImpl.getFunctionWithNamedValues(PageContextImpl.java:1274):1274
	at coldbox.system.Coldbox_cfc$cf.udfCall1(/Users/lmajano/Documents/MyDevelopment/cboxdev/core/coldbox/system/Coldbox.cfc:186):186
	at coldbox.system.Coldbox_cfc$cf.udfCall(/Users/lmajano/Documents/MyDevelopment/cboxdev/core/coldbox/system/Coldbox.cfc):-1
	at railo.runtime.type.UDFImpl.implementation(UDFImpl.java:166):166
	at railo.runtime.type.UDFImpl._call(UDFImpl.java:319):319
	at railo.runtime.type.UDFImpl.call(UDFImpl.java:284):284
	at railo.runtime.util.VariableUtilImpl.callFunctionWithoutNamedValues(VariableUtilImpl.java:622):622
	at railo.runtime.PageContextImpl.getFunction(PageContextImpl.java:1259):1259
	at coldbox.samples.applications.coldboxreader.application_cfc$cf.udfCall(/Users/lmajano/Documents/MyDevelopment/cboxdev/samples/coldbox/samples/applications/ColdBoxReader/Application.cfc:51):51
	at railo.runtime.type.UDFImpl.implementation(UDFImpl.java:166):166
	at railo.runtime.type.UDFImpl._call(UDFImpl.java:319):319
	at railo.runtime.type.UDFImpl.call(UDFImpl.java:284):284
	at railo.runtime.ComponentImpl._call(ComponentImpl.java:385):385
	at railo.runtime.ComponentImpl._call(ComponentImpl.java:332):332
	at railo.runtime.ComponentImpl.call(ComponentImpl.java:1486):1486
	at railo.runtime.listener.ModernAppListener.call(ModernAppListener.java:282):282
	at railo.runtime.listener.ModernAppListener._onRequest(ModernAppListener.java:102):102
	at railo.runtime.listener.MixedAppListener.onRequest(MixedAppListener.java:23):23
	at railo.runtime.PageContextImpl.execute(PageContextImpl.java:1679):1679
	at railo.runtime.engine.CFMLEngineImpl.serviceCFML(CFMLEngineImpl.java:248):248
	at railo.loader.servlet.CFMLServlet.service(CFMLServlet.java:32):32
	at javax.servlet.http.HttpServlet.service(HttpServlet.java:91):91
	at com.caucho.server.dispatch.ServletFilterChain.doFilter(ServletFilterChain.java:103):103
	at com.caucho.server.webapp.WebAppFilterChain.doFilter(WebAppFilterChain.java:175):175
	at com.caucho.server.dispatch.ServletInvocation.service(ServletInvocation.java:240):240
	at com.caucho.server.hmux.HmuxRequest.handleRequest(HmuxRequest.java:424):424
	at com.caucho.server.port.TcpConnection.run(TcpConnection.java:481):481
	at com.caucho.util.ThreadPool$Item.runTasks(ThreadPool.java:685):685
	at com.caucho.util.ThreadPool$Item.run(ThreadPool.java:607):607
	at java.lang.Thread.run(Thread.java:613):613
CFTagContext=ID: ??; LINE: 31; TEMPLATE: /Users/lmajano/Documents/MyDevelopment/cboxdev/samples/coldbox/samples/applications/ColdBoxReader/components/dao/feed.cfc ID: ??; LINE: 22; TEMPLATE: /Users/lmajano/Documents/MyDevelopment/cboxdev/samples/coldbox/samples/applications/ColdBoxReader/components/services/feedService.cfc ID: ??; LINE: 44; TEMPLATE: /Users/lmajano/Documents/MyDevelopment/cboxdev/samples/coldbox/samples/applications/ColdBoxReader/handlers/general.cfc ID: ??; LINE: 506; TEMPLATE: /Users/lmajano/Documents/MyDevelopment/cboxdev/core/coldbox/system/Controller.cfc ID: ??; LINE: 186; TEMPLATE: /Users/lmajano/Documents/MyDevelopment/cboxdev/core/coldbox/system/Coldbox.cfc ID: ??; LINE: 51; TEMPLATE: /Users/lmajano/Documents/MyDevelopment/cboxdev/samples/coldbox/samples/applications/ColdBoxReader/Application.cfc"
"WARN","coldboxfile","08/08/2009","10:40:20","ColdBoxReader","The BeanFactory definition file cannot be located -> /coldbox/samples/applications/ColdBoxReader/config/ModelMappings.cfm"
